<?xml version="1.0" encoding="UTF-8" ?>
<testsuite tests="10" failures="0" name="interfaceTeste.TestesInterface" time="14.284" errors="10" skipped="0">
  <properties>
[...]
</properties>
  <testcase classname="interfaceTeste.TestesInterface" name="excluiLeilao" time="3.554">
    <error message="no such element: Unable to locate element: {&quot;method&quot;:&quot;link text&quot;,&quot;selector&quot;:&quot;Cadastrar leilão&quot;}
  (Session info: chrome=93.0.4577.63)
For documentation on this error, please visit: https://www.seleniumhq.org/exceptions/no_such_element.html
Build info: version: &apos;3.141.59&apos;, revision: &apos;e82be7d358&apos;, time: &apos;2018-11-14T08:17:03&apos;
System info: host: &apos;DESKTOP-STN5MAV&apos;, ip: &apos;192.168.56.1&apos;, os.name: &apos;Windows 10&apos;, os.arch: &apos;amd64&apos;, os.version: &apos;10.0&apos;, java.version: &apos;16.0.1&apos;
Driver info: org.openqa.selenium.chrome.ChromeDriver
Capabilities {acceptInsecureCerts: false, browserName: chrome, browserVersion: 93.0.4577.63, chrome: {chromedriverVersion: 93.0.4577.15 (660fc11082ba5..., userDataDir: C:\Users\wilso\AppData\Loca...}, goog:chromeOptions: {debuggerAddress: localhost:55582}, javascriptEnabled: true, networkConnectionEnabled: false, pageLoadStrategy: normal, platform: WINDOWS, platformName: WINDOWS, proxy: Proxy(), setWindowRect: true, strictFileInteractability: false, timeouts: {implicit: 0, pageLoad: 300000, script: 30000}, unhandledPromptBehavior: dismiss and notify, webauthn:extension:credBlob: true, webauthn:extension:largeBlob: true, webauthn:virtualAuthenticators: true}
Session ID: 79f9e8479de1d7b5f439cf790346421f
*** Element info: {Using=link text, value=Cadastrar leilão}" type="org.openqa.selenium.NoSuchElementException">org.openqa.selenium.NoSuchElementException: no such element: Unable to locate element: {&quot;method&quot;:&quot;link text&quot;,&quot;selector&quot;:&quot;Cadastrar leilão&quot;}
  (Session info: chrome=93.0.4577.63)
For documentation on this error, please visit: https://www.seleniumhq.org/exceptions/no_such_element.html
Build info: version: &apos;3.141.59&apos;, revision: &apos;e82be7d358&apos;, time: &apos;2018-11-14T08:17:03&apos;
System info: host: &apos;DESKTOP-STN5MAV&apos;, ip: &apos;192.168.56.1&apos;, os.name: &apos;Windows 10&apos;, os.arch: &apos;amd64&apos;, os.version: &apos;10.0&apos;, java.version: &apos;16.0.1&apos;
Driver info: org.openqa.selenium.chrome.ChromeDriver
Capabilities {acceptInsecureCerts: false, browserName: chrome, browserVersion: 93.0.4577.63, chrome: {chromedriverVersion: 93.0.4577.15 (660fc11082ba5..., userDataDir: C:\Users\wilso\AppData\Loca...}, goog:chromeOptions: {debuggerAddress: localhost:55582}, javascriptEnabled: true, networkConnectionEnabled: false, pageLoadStrategy: normal, platform: WINDOWS, platformName: WINDOWS, proxy: Proxy(), setWindowRect: true, strictFileInteractability: false, timeouts: {implicit: 0, pageLoad: 300000, script: 30000}, unhandledPromptBehavior: dismiss and notify, webauthn:extension:credBlob: true, webauthn:extension:largeBlob: true, webauthn:virtualAuthenticators: true}
Session ID: 79f9e8479de1d7b5f439cf790346421f
*** Element info: {Using=link text, value=Cadastrar leilão}
	at java.base/jdk.internal.reflect.NativeConstructorAccessorImpl.newInstance0(Native Method)
	at java.base/jdk.internal.reflect.NativeConstructorAccessorImpl.newInstance(NativeConstructorAccessorImpl.java:78)
	at java.base/jdk.internal.reflect.DelegatingConstructorAccessorImpl.newInstance(DelegatingConstructorAccessorImpl.java:45)
	at java.base/java.lang.reflect.Constructor.newInstanceWithCaller(Constructor.java:499)
	at java.base/java.lang.reflect.Constructor.newInstance(Constructor.java:480)
	at org.openqa.selenium.remote.http.W3CHttpResponseCodec.createException(W3CHttpResponseCodec.java:187)
	at org.openqa.selenium.remote.http.W3CHttpResponseCodec.decode(W3CHttpResponseCodec.java:122)
	at org.openqa.selenium.remote.http.W3CHttpResponseCodec.decode(W3CHttpResponseCodec.java:49)
	at org.openqa.selenium.remote.HttpCommandExecutor.execute(HttpCommandExecutor.java:158)
	at org.openqa.selenium.remote.service.DriverCommandExecutor.execute(DriverCommandExecutor.java:83)
	at org.openqa.selenium.remote.RemoteWebDriver.execute(RemoteWebDriver.java:552)
	at org.openqa.selenium.remote.RemoteWebDriver.findElement(RemoteWebDriver.java:323)
	at org.openqa.selenium.remote.RemoteWebDriver.findElementByLinkText(RemoteWebDriver.java:380)
	at org.openqa.selenium.By$ByLinkText.findElement(By.java:220)
	at org.openqa.selenium.remote.RemoteWebDriver.findElement(RemoteWebDriver.java:315)
	at interfaceTeste.TestesInterface.excluiLeilao(TestesInterface.java:128)
	at java.base/jdk.internal.reflect.NativeMethodAccessorImpl.invoke0(Native Method)
	at java.base/jdk.internal.reflect.NativeMethodAccessorImpl.invoke(NativeMethodAccessorImpl.java:78)
	at java.base/jdk.internal.reflect.DelegatingMethodAccessorImpl.invoke(DelegatingMethodAccessorImpl.java:43)
	at java.base/java.lang.reflect.Method.invoke(Method.java:567)
	at org.junit.runners.model.FrameworkMethod$1.runReflectiveCall(FrameworkMethod.java:59)
	at org.junit.internal.runners.model.ReflectiveCallable.run(ReflectiveCallable.java:12)
	at org.junit.runners.model.FrameworkMethod.invokeExplosively(FrameworkMethod.java:56)
	at org.junit.internal.runners.statements.InvokeMethod.evaluate(InvokeMethod.java:17)
	at org.junit.internal.runners.statements.RunBefores.evaluate(RunBefores.java:26)
	at org.junit.internal.runners.statements.RunAfters.evaluate(RunAfters.java:27)
	at org.junit.runners.ParentRunner$3.evaluate(ParentRunner.java:306)
	at org.junit.runners.BlockJUnit4ClassRunner$1.evaluate(BlockJUnit4ClassRunner.java:100)
	at org.junit.runners.ParentRunner.runLeaf(ParentRunner.java:366)
	at org.junit.runners.BlockJUnit4ClassRunner.runChild(BlockJUnit4ClassRunner.java:103)
	at org.junit.runners.BlockJUnit4ClassRunner.runChild(BlockJUnit4ClassRunner.java:63)
	at org.junit.runners.ParentRunner$4.run(ParentRunner.java:331)
	at org.junit.runners.ParentRunner$1.schedule(ParentRunner.java:79)
	at org.junit.runners.ParentRunner.runChildren(ParentRunner.java:329)
	at org.junit.runners.ParentRunner.access$100(ParentRunner.java:66)
	at org.junit.runners.ParentRunner$2.evaluate(ParentRunner.java:293)
	at org.junit.runners.ParentRunner$3.evaluate(ParentRunner.java:306)
	at org.junit.runners.ParentRunner.run(ParentRunner.java:413)
	at org.apache.maven.surefire.junit4.JUnit4Provider.execute(JUnit4Provider.java:252)
	at org.apache.maven.surefire.junit4.JUnit4Provider.executeTestSet(JUnit4Provider.java:141)
	at org.apache.maven.surefire.junit4.JUnit4Provider.invoke(JUnit4Provider.java:112)
	at java.base/jdk.internal.reflect.NativeMethodAccessorImpl.invoke0(Native Method)
	at java.base/jdk.internal.reflect.NativeMethodAccessorImpl.invoke(NativeMethodAccessorImpl.java:78)
	at java.base/jdk.internal.reflect.DelegatingMethodAccessorImpl.invoke(DelegatingMethodAccessorImpl.java:43)
	at java.base/java.lang.reflect.Method.invoke(Method.java:567)
	at org.apache.maven.surefire.util.ReflectionUtils.invokeMethodWithArray(ReflectionUtils.java:189)
	at org.apache.maven.surefire.booter.ProviderFactory$ProviderProxy.invoke(ProviderFactory.java:165)
	at org.apache.maven.surefire.booter.ProviderFactory.invokeProvider(ProviderFactory.java:85)
	at org.apache.maven.surefire.booter.ForkedBooter.runSuitesInProcess(ForkedBooter.java:115)
	at org.apache.maven.surefire.booter.ForkedBooter.main(ForkedBooter.java:75)
</error>
    <system-out>00:06:08.877 [main] DEBUG org.jboss.logging - Logging Provider: org.jboss.logging.Slf4jLoggerProvider
00:06:08.960 [main] DEBUG org.hibernate.jpa.HibernatePersistenceProvider - Located and parsed 1 persistence units; checking each
00:06:08.960 [main] DEBUG org.hibernate.jpa.HibernatePersistenceProvider - Checking persistence-unit [name=exemplo-jpa, explicit-provider=null] against incoming persistence unit name [exemplo-jpa]
00:06:08.960 [main] DEBUG org.hibernate.jpa.boot.spi.ProviderChecker - No PersistenceProvider explicitly requested, assuming Hibernate
00:06:08.967 [main] DEBUG org.hibernate.jpa.internal.util.LogHelper - PersistenceUnitInfo [
	name: exemplo-jpa
	persistence provider classname: null
	classloader: null
	excludeUnlistedClasses: false
	JTA datasource: null
	Non JTA datasource: null
	Transaction type: RESOURCE_LOCAL
	PU root URL: file:/D:/TestedeSw/Desenvolivmento-Leilao/target/classes/
	Shared Cache Mode: null
	Validation Mode: null
	Jar files URLs []
	Managed classes names []
	Mapping files names []
	Properties [
		javax.persistence.jdbc.driver: org.postgresql.Driver
		javax.persistence.jdbc.password: sergtsop
		hibernate.dialect: org.hibernate.dialect.PostgreSQLDialect
		javax.persistence.jdbc.url: jdbc:postgresql://localhost/postgres?useSSL=false&amp;serverTimezone=UTC
		hibernate.hbm2ddl.auto: update
		javax.persistence.jdbc.user: postgres]
00:06:08.970 [main] DEBUG org.hibernate.integrator.internal.IntegratorServiceImpl - Adding Integrator [org.hibernate.cfg.beanvalidation.BeanValidationIntegrator].
00:06:08.972 [main] DEBUG org.hibernate.integrator.internal.IntegratorServiceImpl - Adding Integrator [org.hibernate.secure.spi.JaccIntegrator].
00:06:08.974 [main] DEBUG org.hibernate.integrator.internal.IntegratorServiceImpl - Adding Integrator [org.hibernate.cache.internal.CollectionCacheInvalidator].
00:06:09.003 [main] INFO org.hibernate.Version - HHH000412: Hibernate ORM core version 5.5.5.Final
00:06:09.004 [main] DEBUG org.hibernate.cfg.Environment - HHH000206: hibernate.properties not found
00:06:09.073 [main] DEBUG org.hibernate.service.spi.ServiceBinding - Overriding existing service binding [org.hibernate.secure.spi.JaccService]
00:06:09.082 [main] DEBUG org.hibernate.cache.internal.RegionFactoryInitiator - Cannot default RegionFactory based on registered strategies as `[]` RegionFactory strategies were registered
00:06:09.082 [main] DEBUG org.hibernate.cache.internal.RegionFactoryInitiator - Cache region factory : org.hibernate.cache.internal.NoCachingRegionFactory
00:06:09.094 [main] INFO org.hibernate.annotations.common.Version - HCANN000001: Hibernate Commons Annotations {5.1.2.Final}
00:06:09.150 [main] DEBUG org.hibernate.type.BasicTypeRegistry - Adding type registration boolean -&gt; org.hibernate.type.BooleanType@7d3d101b
00:06:09.150 [main] DEBUG org.hibernate.type.BasicTypeRegistry - Adding type registration boolean -&gt; org.hibernate.type.BooleanType@7d3d101b
00:06:09.150 [main] DEBUG org.hibernate.type.BasicTypeRegistry - Adding type registration java.lang.Boolean -&gt; org.hibernate.type.BooleanType@7d3d101b
00:06:09.151 [main] DEBUG org.hibernate.type.BasicTypeRegistry - Adding type registration numeric_boolean -&gt; org.hibernate.type.NumericBooleanType@35399441
00:06:09.151 [main] DEBUG org.hibernate.type.BasicTypeRegistry - Adding type registration true_false -&gt; org.hibernate.type.TrueFalseType@2812b107
00:06:09.151 [main] DEBUG org.hibernate.type.BasicTypeRegistry - Adding type registration yes_no -&gt; org.hibernate.type.YesNoType@27d5a580
00:06:09.152 [main] DEBUG org.hibernate.type.BasicTypeRegistry - Adding type registration byte -&gt; org.hibernate.type.ByteType@45a4b042
00:06:09.152 [main] DEBUG org.hibernate.type.BasicTypeRegistry - Adding type registration byte -&gt; org.hibernate.type.ByteType@45a4b042
00:06:09.152 [main] DEBUG org.hibernate.type.BasicTypeRegistry - Adding type registration java.lang.Byte -&gt; org.hibernate.type.ByteType@45a4b042
00:06:09.153 [main] DEBUG org.hibernate.type.BasicTypeRegistry - Adding type registration character -&gt; org.hibernate.type.CharacterType@30bce90b
00:06:09.153 [main] DEBUG org.hibernate.type.BasicTypeRegistry - Adding type registration char -&gt; org.hibernate.type.CharacterType@30bce90b
00:06:09.153 [main] DEBUG org.hibernate.type.BasicTypeRegistry - Adding type registration java.lang.Character -&gt; org.hibernate.type.CharacterType@30bce90b
00:06:09.154 [main] DEBUG org.hibernate.type.BasicTypeRegistry - Adding type registration short -&gt; org.hibernate.type.ShortType@4816278d
00:06:09.154 [main] DEBUG org.hibernate.type.BasicTypeRegistry - Adding type registration short -&gt; org.hibernate.type.ShortType@4816278d
00:06:09.154 [main] DEBUG org.hibernate.type.BasicTypeRegistry - Adding type registration java.lang.Short -&gt; org.hibernate.type.ShortType@4816278d
00:06:09.155 [main] DEBUG org.hibernate.type.BasicTypeRegistry - Adding type registration integer -&gt; org.hibernate.type.IntegerType@b978d10
00:06:09.155 [main] DEBUG org.hibernate.type.BasicTypeRegistry - Adding type registration int -&gt; org.hibernate.type.IntegerType@b978d10
00:06:09.155 [main] DEBUG org.hibernate.type.BasicTypeRegistry - Adding type registration java.lang.Integer -&gt; org.hibernate.type.IntegerType@b978d10
00:06:09.156 [main] DEBUG org.hibernate.type.BasicTypeRegistry - Adding type registration long -&gt; org.hibernate.type.LongType@7cbd9d24
00:06:09.156 [main] DEBUG org.hibernate.type.BasicTypeRegistry - Adding type registration long -&gt; org.hibernate.type.LongType@7cbd9d24
00:06:09.156 [main] DEBUG org.hibernate.type.BasicTypeRegistry - Adding type registration java.lang.Long -&gt; org.hibernate.type.LongType@7cbd9d24
00:06:09.157 [main] DEBUG org.hibernate.type.BasicTypeRegistry - Adding type registration float -&gt; org.hibernate.type.FloatType@50dfbc58
00:06:09.157 [main] DEBUG org.hibernate.type.BasicTypeRegistry - Adding type registration float -&gt; org.hibernate.type.FloatType@50dfbc58
00:06:09.157 [main] DEBUG org.hibernate.type.BasicTypeRegistry - Adding type registration java.lang.Float -&gt; org.hibernate.type.FloatType@50dfbc58
00:06:09.157 [main] DEBUG org.hibernate.type.BasicTypeRegistry - Adding type registration double -&gt; org.hibernate.type.DoubleType@5a5338df
00:06:09.157 [main] DEBUG org.hibernate.type.BasicTypeRegistry - Adding type registration double -&gt; org.hibernate.type.DoubleType@5a5338df
00:06:09.158 [main] DEBUG org.hibernate.type.BasicTypeRegistry - Adding type registration java.lang.Double -&gt; org.hibernate.type.DoubleType@5a5338df
00:06:09.158 [main] DEBUG org.hibernate.type.BasicTypeRegistry - Adding type registration big_decimal -&gt; org.hibernate.type.BigDecimalType@75d2da2d
00:06:09.158 [main] DEBUG org.hibernate.type.BasicTypeRegistry - Adding type registration java.math.BigDecimal -&gt; org.hibernate.type.BigDecimalType@75d2da2d
00:06:09.159 [main] DEBUG org.hibernate.type.BasicTypeRegistry - Adding type registration big_integer -&gt; org.hibernate.type.BigIntegerType@6853425f
00:06:09.159 [main] DEBUG org.hibernate.type.BasicTypeRegistry - Adding type registration java.math.BigInteger -&gt; org.hibernate.type.BigIntegerType@6853425f
00:06:09.160 [main] DEBUG org.hibernate.type.BasicTypeRegistry - Adding type registration string -&gt; org.hibernate.type.StringType@68d279ec
00:06:09.160 [main] DEBUG org.hibernate.type.BasicTypeRegistry - Adding type registration java.lang.String -&gt; org.hibernate.type.StringType@68d279ec
00:06:09.160 [main] DEBUG org.hibernate.type.BasicTypeRegistry - Adding type registration nstring -&gt; org.hibernate.type.StringNVarcharType@176b75f7
00:06:09.161 [main] DEBUG org.hibernate.type.BasicTypeRegistry - Adding type registration ncharacter -&gt; org.hibernate.type.CharacterNCharType@4f6f416f
00:06:09.161 [main] DEBUG org.hibernate.type.BasicTypeRegistry - Adding type registration url -&gt; org.hibernate.type.UrlType@7aaca91a
00:06:09.161 [main] DEBUG org.hibernate.type.BasicTypeRegistry - Adding type registration java.net.URL -&gt; org.hibernate.type.UrlType@7aaca91a
00:06:09.162 [main] DEBUG org.hibernate.type.BasicTypeRegistry - Adding type registration Duration -&gt; org.hibernate.type.DurationType@41294f8
00:06:09.162 [main] DEBUG org.hibernate.type.BasicTypeRegistry - Adding type registration java.time.Duration -&gt; org.hibernate.type.DurationType@41294f8
00:06:09.164 [main] DEBUG org.hibernate.type.BasicTypeRegistry - Adding type registration Instant -&gt; org.hibernate.type.InstantType@7fbdb894
00:06:09.165 [main] DEBUG org.hibernate.type.BasicTypeRegistry - Adding type registration java.time.Instant -&gt; org.hibernate.type.InstantType@7fbdb894
00:06:09.165 [main] DEBUG org.hibernate.type.BasicTypeRegistry - Adding type registration LocalDateTime -&gt; org.hibernate.type.LocalDateTimeType@59e32960
00:06:09.166 [main] DEBUG org.hibernate.type.BasicTypeRegistry - Adding type registration java.time.LocalDateTime -&gt; org.hibernate.type.LocalDateTimeType@59e32960
00:06:09.166 [main] DEBUG org.hibernate.type.BasicTypeRegistry - Adding type registration LocalDate -&gt; org.hibernate.type.LocalDateType@3d246ea3
00:06:09.166 [main] DEBUG org.hibernate.type.BasicTypeRegistry - Adding type registration java.time.LocalDate -&gt; org.hibernate.type.LocalDateType@3d246ea3
00:06:09.167 [main] DEBUG org.hibernate.type.BasicTypeRegistry - Adding type registration LocalTime -&gt; org.hibernate.type.LocalTimeType@71329995
00:06:09.167 [main] DEBUG org.hibernate.type.BasicTypeRegistry - Adding type registration java.time.LocalTime -&gt; org.hibernate.type.LocalTimeType@71329995
00:06:09.168 [main] DEBUG org.hibernate.type.BasicTypeRegistry - Adding type registration OffsetDateTime -&gt; org.hibernate.type.OffsetDateTimeType@1ab06251
00:06:09.168 [main] DEBUG org.hibernate.type.BasicTypeRegistry - Adding type registration java.time.OffsetDateTime -&gt; org.hibernate.type.OffsetDateTimeType@1ab06251
00:06:09.169 [main] DEBUG org.hibernate.type.BasicTypeRegistry - Adding type registration OffsetTime -&gt; org.hibernate.type.OffsetTimeType@43b9fd5
00:06:09.169 [main] DEBUG org.hibernate.type.BasicTypeRegistry - Adding type registration java.time.OffsetTime -&gt; org.hibernate.type.OffsetTimeType@43b9fd5
00:06:09.170 [main] DEBUG org.hibernate.type.BasicTypeRegistry - Adding type registration ZonedDateTime -&gt; org.hibernate.type.ZonedDateTimeType@45a37759
00:06:09.171 [main] DEBUG org.hibernate.type.BasicTypeRegistry - Adding type registration java.time.ZonedDateTime -&gt; org.hibernate.type.ZonedDateTimeType@45a37759
00:06:09.172 [main] DEBUG org.hibernate.type.BasicTypeRegistry - Adding type registration date -&gt; org.hibernate.type.DateType@4241e0f4
00:06:09.172 [main] DEBUG org.hibernate.type.BasicTypeRegistry - Adding type registration java.sql.Date -&gt; org.hibernate.type.DateType@4241e0f4
00:06:09.173 [main] DEBUG org.hibernate.type.BasicTypeRegistry - Adding type registration time -&gt; org.hibernate.type.TimeType@babafc2
00:06:09.173 [main] DEBUG org.hibernate.type.BasicTypeRegistry - Adding type registration java.sql.Time -&gt; org.hibernate.type.TimeType@babafc2
00:06:09.173 [main] DEBUG org.hibernate.type.BasicTypeRegistry - Adding type registration timestamp -&gt; org.hibernate.type.TimestampType@345f69f3
00:06:09.174 [main] DEBUG org.hibernate.type.BasicTypeRegistry - Adding type registration java.sql.Timestamp -&gt; org.hibernate.type.TimestampType@345f69f3
00:06:09.174 [main] DEBUG org.hibernate.type.BasicTypeRegistry - Adding type registration java.util.Date -&gt; org.hibernate.type.TimestampType@345f69f3
00:06:09.175 [main] DEBUG org.hibernate.type.BasicTypeRegistry - Adding type registration dbtimestamp -&gt; org.hibernate.type.DbTimestampType@51549490
00:06:09.176 [main] DEBUG org.hibernate.type.BasicTypeRegistry - Adding type registration calendar -&gt; org.hibernate.type.CalendarType@181e731e
00:06:09.176 [main] DEBUG org.hibernate.type.BasicTypeRegistry - Adding type registration java.util.Calendar -&gt; org.hibernate.type.CalendarType@181e731e
00:06:09.176 [main] DEBUG org.hibernate.type.BasicTypeRegistry - Adding type registration java.util.GregorianCalendar -&gt; org.hibernate.type.CalendarType@181e731e
00:06:09.177 [main] DEBUG org.hibernate.type.BasicTypeRegistry - Adding type registration calendar_date -&gt; org.hibernate.type.CalendarDateType@17d88132
00:06:09.177 [main] DEBUG org.hibernate.type.BasicTypeRegistry - Adding type registration calendar_time -&gt; org.hibernate.type.CalendarTimeType@36cda2c2
00:06:09.178 [main] DEBUG org.hibernate.type.BasicTypeRegistry - Adding type registration locale -&gt; org.hibernate.type.LocaleType@2e48362c
00:06:09.178 [main] DEBUG org.hibernate.type.BasicTypeRegistry - Adding type registration java.util.Locale -&gt; org.hibernate.type.LocaleType@2e48362c
00:06:09.179 [main] DEBUG org.hibernate.type.BasicTypeRegistry - Adding type registration currency -&gt; org.hibernate.type.CurrencyType@1f53a5dc
00:06:09.179 [main] DEBUG org.hibernate.type.BasicTypeRegistry - Adding type registration java.util.Currency -&gt; org.hibernate.type.CurrencyType@1f53a5dc
00:06:09.179 [main] DEBUG org.hibernate.type.BasicTypeRegistry - Adding type registration timezone -&gt; org.hibernate.type.TimeZoneType@6d167f58
00:06:09.180 [main] DEBUG org.hibernate.type.BasicTypeRegistry - Adding type registration java.util.TimeZone -&gt; org.hibernate.type.TimeZoneType@6d167f58
00:06:09.180 [main] DEBUG org.hibernate.type.BasicTypeRegistry - Adding type registration class -&gt; org.hibernate.type.ClassType@54504ecd
00:06:09.180 [main] DEBUG org.hibernate.type.BasicTypeRegistry - Adding type registration java.lang.Class -&gt; org.hibernate.type.ClassType@54504ecd
00:06:09.181 [main] DEBUG org.hibernate.type.BasicTypeRegistry - Adding type registration uuid-binary -&gt; org.hibernate.type.UUIDBinaryType@12359a82
00:06:09.181 [main] DEBUG org.hibernate.type.BasicTypeRegistry - Adding type registration java.util.UUID -&gt; org.hibernate.type.UUIDBinaryType@12359a82
00:06:09.181 [main] DEBUG org.hibernate.type.BasicTypeRegistry - Adding type registration uuid-char -&gt; org.hibernate.type.UUIDCharType@4f3bbf68
00:06:09.182 [main] DEBUG org.hibernate.type.BasicTypeRegistry - Adding type registration binary -&gt; org.hibernate.type.BinaryType@338c99c8
00:06:09.182 [main] DEBUG org.hibernate.type.BasicTypeRegistry - Adding type registration byte[] -&gt; org.hibernate.type.BinaryType@338c99c8
00:06:09.182 [main] DEBUG org.hibernate.type.BasicTypeRegistry - Adding type registration [B -&gt; org.hibernate.type.BinaryType@338c99c8
00:06:09.182 [main] DEBUG org.hibernate.type.BasicTypeRegistry - Adding type registration wrapper-binary -&gt; org.hibernate.type.WrapperBinaryType@1fa1cab1
00:06:09.182 [main] DEBUG org.hibernate.type.BasicTypeRegistry - Adding type registration Byte[] -&gt; org.hibernate.type.WrapperBinaryType@1fa1cab1
00:06:09.183 [main] DEBUG org.hibernate.type.BasicTypeRegistry - Adding type registration [Ljava.lang.Byte; -&gt; org.hibernate.type.WrapperBinaryType@1fa1cab1
00:06:09.183 [main] DEBUG org.hibernate.type.BasicTypeRegistry - Adding type registration row_version -&gt; org.hibernate.type.RowVersionType@5c44c582
00:06:09.183 [main] DEBUG org.hibernate.type.BasicTypeRegistry - Adding type registration image -&gt; org.hibernate.type.ImageType@7b205dbd
00:06:09.184 [main] DEBUG org.hibernate.type.BasicTypeRegistry - Adding type registration characters -&gt; org.hibernate.type.CharArrayType@600b90df
00:06:09.184 [main] DEBUG org.hibernate.type.BasicTypeRegistry - Adding type registration char[] -&gt; org.hibernate.type.CharArrayType@600b90df
00:06:09.184 [main] DEBUG org.hibernate.type.BasicTypeRegistry - Adding type registration [C -&gt; org.hibernate.type.CharArrayType@600b90df
00:06:09.185 [main] DEBUG org.hibernate.type.BasicTypeRegistry - Adding type registration wrapper-characters -&gt; org.hibernate.type.CharacterArrayType@3d9c13b5
00:06:09.185 [main] DEBUG org.hibernate.type.BasicTypeRegistry - Adding type registration [Ljava.lang.Character; -&gt; org.hibernate.type.CharacterArrayType@3d9c13b5
00:06:09.185 [main] DEBUG org.hibernate.type.BasicTypeRegistry - Adding type registration Character[] -&gt; org.hibernate.type.CharacterArrayType@3d9c13b5
00:06:09.185 [main] DEBUG org.hibernate.type.BasicTypeRegistry - Adding type registration text -&gt; org.hibernate.type.TextType@8576fa0
00:06:09.186 [main] DEBUG org.hibernate.type.BasicTypeRegistry - Adding type registration ntext -&gt; org.hibernate.type.NTextType@5f354bcf
00:06:09.186 [main] DEBUG org.hibernate.type.BasicTypeRegistry - Adding type registration blob -&gt; org.hibernate.type.BlobType@6cce16f4
00:06:09.187 [main] DEBUG org.hibernate.type.BasicTypeRegistry - Adding type registration java.sql.Blob -&gt; org.hibernate.type.BlobType@6cce16f4
00:06:09.187 [main] DEBUG org.hibernate.type.BasicTypeRegistry - Adding type registration materialized_blob -&gt; org.hibernate.type.MaterializedBlobType@1046d517
00:06:09.188 [main] DEBUG org.hibernate.type.BasicTypeRegistry - Adding type registration clob -&gt; org.hibernate.type.ClobType@14fc1f0
00:06:09.188 [main] DEBUG org.hibernate.type.BasicTypeRegistry - Adding type registration java.sql.Clob -&gt; org.hibernate.type.ClobType@14fc1f0
00:06:09.189 [main] DEBUG org.hibernate.type.BasicTypeRegistry - Adding type registration nclob -&gt; org.hibernate.type.NClobType@5ddf0d24
00:06:09.189 [main] DEBUG org.hibernate.type.BasicTypeRegistry - Adding type registration java.sql.NClob -&gt; org.hibernate.type.NClobType@5ddf0d24
00:06:09.189 [main] DEBUG org.hibernate.type.BasicTypeRegistry - Adding type registration materialized_clob -&gt; org.hibernate.type.MaterializedClobType@a4add54
00:06:09.189 [main] DEBUG org.hibernate.type.BasicTypeRegistry - Adding type registration materialized_nclob -&gt; org.hibernate.type.MaterializedNClobType@66c61024
00:06:09.190 [main] DEBUG org.hibernate.type.BasicTypeRegistry - Adding type registration serializable -&gt; org.hibernate.type.SerializableType@61544ae6
00:06:09.192 [main] DEBUG org.hibernate.type.BasicTypeRegistry - Adding type registration object -&gt; org.hibernate.type.ObjectType@1e097d59
00:06:09.192 [main] DEBUG org.hibernate.type.BasicTypeRegistry - Adding type registration java.lang.Object -&gt; org.hibernate.type.ObjectType@1e097d59
00:06:09.193 [main] DEBUG org.hibernate.type.BasicTypeRegistry - Adding type registration imm_date -&gt; org.hibernate.type.AdaptedImmutableType@6ce86ce1
00:06:09.193 [main] DEBUG org.hibernate.type.BasicTypeRegistry - Adding type registration imm_time -&gt; org.hibernate.type.AdaptedImmutableType@54e7df6a
00:06:09.193 [main] DEBUG org.hibernate.type.BasicTypeRegistry - Adding type registration imm_timestamp -&gt; org.hibernate.type.AdaptedImmutableType@3fed2870
00:06:09.193 [main] DEBUG org.hibernate.type.BasicTypeRegistry - Adding type registration imm_dbtimestamp -&gt; org.hibernate.type.AdaptedImmutableType@77128536
00:06:09.193 [main] DEBUG org.hibernate.type.BasicTypeRegistry - Adding type registration imm_calendar -&gt; org.hibernate.type.AdaptedImmutableType@58326051
00:06:09.193 [main] DEBUG org.hibernate.type.BasicTypeRegistry - Adding type registration imm_calendar_date -&gt; org.hibernate.type.AdaptedImmutableType@32c4e8b2
00:06:09.193 [main] DEBUG org.hibernate.type.BasicTypeRegistry - Adding type registration imm_binary -&gt; org.hibernate.type.AdaptedImmutableType@64bce832
00:06:09.193 [main] DEBUG org.hibernate.type.BasicTypeRegistry - Adding type registration imm_serializable -&gt; org.hibernate.type.AdaptedImmutableType@764faa6
00:06:09.201 [main] DEBUG org.hibernate.boot.internal.BootstrapContextImpl - Injecting ScanEnvironment [org.hibernate.jpa.boot.internal.StandardJpaScanEnvironmentImpl@1608bcbd] into BootstrapContext; was [null]
00:06:09.202 [main] DEBUG org.hibernate.boot.internal.BootstrapContextImpl - Injecting ScanOptions [org.hibernate.boot.archive.scan.internal.StandardScanOptions@5bf8fa12] into BootstrapContext; was [org.hibernate.boot.archive.scan.internal.StandardScanOptions@29ca3d04]
00:06:09.258 [main] DEBUG org.hibernate.boot.internal.BootstrapContextImpl - Injecting JPA temp ClassLoader [null] into BootstrapContext; was [null]
00:06:09.258 [main] DEBUG org.hibernate.boot.internal.ClassLoaderAccessImpl - ClassLoaderAccessImpl#injectTempClassLoader(null) [was null]
00:06:09.265 [main] DEBUG org.hibernate.id.factory.internal.DefaultIdentifierGeneratorFactory - Registering IdentifierGenerator strategy [uuid2] -&gt; [org.hibernate.id.UUIDGenerator]
00:06:09.265 [main] DEBUG org.hibernate.id.factory.internal.DefaultIdentifierGeneratorFactory - Registering IdentifierGenerator strategy [guid] -&gt; [org.hibernate.id.GUIDGenerator]
00:06:09.266 [main] DEBUG org.hibernate.id.factory.internal.DefaultIdentifierGeneratorFactory - Registering IdentifierGenerator strategy [uuid] -&gt; [org.hibernate.id.UUIDHexGenerator]
00:06:09.266 [main] DEBUG org.hibernate.id.factory.internal.DefaultIdentifierGeneratorFactory - Registering IdentifierGenerator strategy [uuid.hex] -&gt; [org.hibernate.id.UUIDHexGenerator]
00:06:09.266 [main] DEBUG org.hibernate.id.factory.internal.DefaultIdentifierGeneratorFactory - Registering IdentifierGenerator strategy [assigned] -&gt; [org.hibernate.id.Assigned]
00:06:09.266 [main] DEBUG org.hibernate.id.factory.internal.DefaultIdentifierGeneratorFactory - Registering IdentifierGenerator strategy [identity] -&gt; [org.hibernate.id.IdentityGenerator]
00:06:09.267 [main] DEBUG org.hibernate.id.factory.internal.DefaultIdentifierGeneratorFactory - Registering IdentifierGenerator strategy [select] -&gt; [org.hibernate.id.SelectGenerator]
00:06:09.268 [main] DEBUG org.hibernate.id.factory.internal.DefaultIdentifierGeneratorFactory - Registering IdentifierGenerator strategy [sequence] -&gt; [org.hibernate.id.enhanced.SequenceStyleGenerator]
00:06:09.268 [main] DEBUG org.hibernate.id.factory.internal.DefaultIdentifierGeneratorFactory - Registering IdentifierGenerator strategy [seqhilo] -&gt; [org.hibernate.id.SequenceHiLoGenerator]
00:06:09.269 [main] DEBUG org.hibernate.id.factory.internal.DefaultIdentifierGeneratorFactory - Registering IdentifierGenerator strategy [increment] -&gt; [org.hibernate.id.IncrementGenerator]
00:06:09.269 [main] DEBUG org.hibernate.id.factory.internal.DefaultIdentifierGeneratorFactory - Registering IdentifierGenerator strategy [foreign] -&gt; [org.hibernate.id.ForeignGenerator]
00:06:09.269 [main] DEBUG org.hibernate.id.factory.internal.DefaultIdentifierGeneratorFactory - Registering IdentifierGenerator strategy [sequence-identity] -&gt; [org.hibernate.id.SequenceIdentityGenerator]
00:06:09.269 [main] DEBUG org.hibernate.id.factory.internal.DefaultIdentifierGeneratorFactory - Registering IdentifierGenerator strategy [enhanced-sequence] -&gt; [org.hibernate.id.enhanced.SequenceStyleGenerator]
00:06:09.270 [main] DEBUG org.hibernate.id.factory.internal.DefaultIdentifierGeneratorFactory - Registering IdentifierGenerator strategy [enhanced-table] -&gt; [org.hibernate.id.enhanced.TableGenerator]
00:06:09.274 [main] WARN org.hibernate.orm.connections.pooling - HHH10001002: Using Hibernate built-in connection pool (not for production use!)
00:06:09.278 [main] INFO org.hibernate.orm.connections.pooling - HHH10001005: using driver [org.postgresql.Driver] at URL [jdbc:postgresql://localhost/postgres?useSSL=false&amp;serverTimezone=UTC]
00:06:09.278 [main] INFO org.hibernate.orm.connections.pooling - HHH10001001: Connection properties: {password=sergtsop, user=postgres}
00:06:09.278 [main] INFO org.hibernate.orm.connections.pooling - HHH10001003: Autocommit mode: false
00:06:09.280 [main] DEBUG org.hibernate.engine.jdbc.connections.internal.DriverManagerConnectionProviderImpl - Initializing Connection pool with 1 Connections
00:06:09.280 [main] INFO org.hibernate.engine.jdbc.connections.internal.DriverManagerConnectionProviderImpl - HHH000115: Hibernate connection pool size: 20 (min=1)
00:06:09.506 [main] DEBUG org.hibernate.engine.jdbc.env.internal.JdbcEnvironmentInitiator - Database -&gt;
       name : PostgreSQL
    version : 13.4
      major : 13
      minor : 4
00:06:09.507 [main] DEBUG org.hibernate.engine.jdbc.env.internal.JdbcEnvironmentInitiator - Driver -&gt;
       name : PostgreSQL JDBC Driver
    version : 42.2.13
      major : 42
      minor : 2
00:06:09.507 [main] DEBUG org.hibernate.engine.jdbc.env.internal.JdbcEnvironmentInitiator - JDBC version : 4.2
00:06:09.514 [main] INFO org.hibernate.dialect.Dialect - HHH000400: Using dialect: org.hibernate.dialect.PostgreSQLDialect
00:06:09.522 [main] DEBUG org.hibernate.engine.jdbc.env.spi.IdentifierHelperBuilder - JDBC driver metadata reported database stores quoted identifiers in neither upper, lower nor mixed case
00:06:09.541 [main] DEBUG org.hibernate.boot.model.relational.Namespace - Created database namespace [logicalName=Name{catalog=null, schema=null}, physicalName=Name{catalog=null, schema=null}]
00:06:09.543 [main] DEBUG org.hibernate.type.BasicTypeRegistry - Adding type registration pg-uuid -&gt; org.hibernate.type.PostgresUUIDType@a7e2d9d
00:06:09.543 [main] DEBUG org.hibernate.type.BasicTypeRegistry - Adding type registration java.util.UUID -&gt; org.hibernate.type.PostgresUUIDType@a7e2d9d
00:06:09.543 [main] DEBUG org.hibernate.type.BasicTypeRegistry - HHH000270: Type registration [java.util.UUID] overrides previous : org.hibernate.type.UUIDBinaryType@12359a82
00:06:09.544 [main] DEBUG org.hibernate.type.spi.TypeConfiguration$Scope - Scoping TypeConfiguration [org.hibernate.type.spi.TypeConfiguration@49f5c307] to MetadataBuildingContext [org.hibernate.boot.internal.MetadataBuildingContextRootImpl@299266e2]
00:06:09.578 [main] DEBUG org.hibernate.cfg.AnnotationBinder - Binding entity from annotated class: model.Lance
00:06:09.589 [main] DEBUG org.hibernate.cfg.Ejb3Column - Binding column: Ejb3DiscriminatorColumn{logicalColumnName&apos;DTYPE&apos;, discriminatorTypeName=&apos;string&apos;}
00:06:09.592 [main] DEBUG org.hibernate.cfg.annotations.EntityBinder - Import with entity name Lance
00:06:09.595 [main] DEBUG org.hibernate.cfg.annotations.EntityBinder - Bind entity model.Lance on table Lance
00:06:09.607 [main] DEBUG org.hibernate.cfg.Ejb3Column - Binding column: Ejb3Column{table=org.hibernate.mapping.Table(Lance), mappingColumn=id, insertable=true, updatable=true, unique=false}
00:06:09.609 [main] DEBUG org.hibernate.boot.internal.ClassLoaderAccessImpl - Not known whether passed class name [model.Lance] is safe
00:06:09.609 [main] DEBUG org.hibernate.boot.internal.ClassLoaderAccessImpl - No temp ClassLoader provided; using live ClassLoader for loading potentially unsafe class : model.Lance
00:06:09.609 [main] DEBUG org.hibernate.cfg.annotations.PropertyBinder - MetadataSourceProcessor property id with lazy=false
00:06:09.610 [main] DEBUG org.hibernate.cfg.AbstractPropertyHolder - Attempting to locate auto-apply AttributeConverter for property [model.Lance:id]
00:06:09.612 [main] DEBUG org.hibernate.cfg.annotations.SimpleValueBinder - building SimpleValue for id
00:06:09.613 [main] DEBUG org.hibernate.cfg.annotations.PropertyBinder - Building property id
00:06:09.615 [main] DEBUG org.hibernate.cfg.BinderHelper - #makeIdGenerator(org.hibernate.mapping.SimpleValue([org.hibernate.mapping.Column(id)]), id, identity, , ...)
00:06:09.615 [main] DEBUG org.hibernate.cfg.Ejb3Column - Binding column: Ejb3Column{table=org.hibernate.mapping.Table(Lance), mappingColumn=email, insertable=true, updatable=true, unique=false}
00:06:09.615 [main] DEBUG org.hibernate.cfg.annotations.PropertyBinder - MetadataSourceProcessor property email with lazy=false
00:06:09.616 [main] DEBUG org.hibernate.cfg.AbstractPropertyHolder - Attempting to locate auto-apply AttributeConverter for property [model.Lance:email]
00:06:09.616 [main] DEBUG org.hibernate.cfg.annotations.SimpleValueBinder - building SimpleValue for email
00:06:09.616 [main] DEBUG org.hibernate.cfg.annotations.PropertyBinder - Building property email
00:06:09.616 [main] DEBUG org.hibernate.cfg.Ejb3Column - Binding column: Ejb3Column{table=org.hibernate.mapping.Table(Lance), mappingColumn=nome, insertable=true, updatable=true, unique=false}
00:06:09.616 [main] DEBUG org.hibernate.cfg.annotations.PropertyBinder - MetadataSourceProcessor property nome with lazy=false
00:06:09.616 [main] DEBUG org.hibernate.cfg.AbstractPropertyHolder - Attempting to locate auto-apply AttributeConverter for property [model.Lance:nome]
00:06:09.616 [main] DEBUG org.hibernate.cfg.annotations.SimpleValueBinder - building SimpleValue for nome
00:06:09.616 [main] DEBUG org.hibernate.cfg.annotations.PropertyBinder - Building property nome
00:06:09.616 [main] DEBUG org.hibernate.cfg.Ejb3Column - Binding column: Ejb3Column{table=org.hibernate.mapping.Table(Lance), mappingColumn=objeto, insertable=true, updatable=true, unique=false}
00:06:09.616 [main] DEBUG org.hibernate.cfg.annotations.PropertyBinder - MetadataSourceProcessor property objeto with lazy=false
00:06:09.617 [main] DEBUG org.hibernate.cfg.AbstractPropertyHolder - Attempting to locate auto-apply AttributeConverter for property [model.Lance:objeto]
00:06:09.617 [main] DEBUG org.hibernate.cfg.annotations.SimpleValueBinder - building SimpleValue for objeto
00:06:09.617 [main] DEBUG org.hibernate.cfg.annotations.PropertyBinder - Building property objeto
00:06:09.617 [main] DEBUG org.hibernate.cfg.Ejb3Column - Binding column: Ejb3Column{table=org.hibernate.mapping.Table(Lance), mappingColumn=valor, insertable=true, updatable=true, unique=false}
00:06:09.617 [main] DEBUG org.hibernate.cfg.annotations.PropertyBinder - MetadataSourceProcessor property valor with lazy=false
00:06:09.617 [main] DEBUG org.hibernate.cfg.AbstractPropertyHolder - Attempting to locate auto-apply AttributeConverter for property [model.Lance:valor]
00:06:09.617 [main] DEBUG org.hibernate.cfg.annotations.SimpleValueBinder - building SimpleValue for valor
00:06:09.617 [main] DEBUG org.hibernate.cfg.annotations.PropertyBinder - Building property valor
00:06:09.618 [main] DEBUG org.hibernate.cfg.AnnotationBinder - Binding entity from annotated class: model.Leilao
00:06:09.619 [main] DEBUG org.hibernate.cfg.Ejb3Column - Binding column: Ejb3DiscriminatorColumn{logicalColumnName&apos;DTYPE&apos;, discriminatorTypeName=&apos;string&apos;}
00:06:09.619 [main] DEBUG org.hibernate.cfg.annotations.EntityBinder - Import with entity name Leilao
00:06:09.619 [main] DEBUG org.hibernate.cfg.annotations.EntityBinder - Bind entity model.Leilao on table leiloes
00:06:09.620 [main] DEBUG org.hibernate.cfg.Ejb3Column - Binding column: Ejb3Column{table=org.hibernate.mapping.Table(leiloes), mappingColumn=id, insertable=true, updatable=true, unique=false}
00:06:09.620 [main] DEBUG org.hibernate.boot.internal.ClassLoaderAccessImpl - Not known whether passed class name [model.Leilao] is safe
00:06:09.620 [main] DEBUG org.hibernate.boot.internal.ClassLoaderAccessImpl - No temp ClassLoader provided; using live ClassLoader for loading potentially unsafe class : model.Leilao
00:06:09.620 [main] DEBUG org.hibernate.cfg.annotations.PropertyBinder - MetadataSourceProcessor property id with lazy=false
00:06:09.620 [main] DEBUG org.hibernate.cfg.AbstractPropertyHolder - Attempting to locate auto-apply AttributeConverter for property [model.Leilao:id]
00:06:09.620 [main] DEBUG org.hibernate.cfg.annotations.SimpleValueBinder - building SimpleValue for id
00:06:09.620 [main] DEBUG org.hibernate.cfg.annotations.PropertyBinder - Building property id
00:06:09.620 [main] DEBUG org.hibernate.cfg.BinderHelper - #makeIdGenerator(org.hibernate.mapping.SimpleValue([org.hibernate.mapping.Column(id)]), id, identity, , ...)
00:06:09.620 [main] DEBUG org.hibernate.cfg.Ejb3Column - Binding column: Ejb3Column{table=org.hibernate.mapping.Table(leiloes), mappingColumn=data, insertable=true, updatable=true, unique=false}
00:06:09.621 [main] DEBUG org.hibernate.cfg.annotations.PropertyBinder - MetadataSourceProcessor property data with lazy=false
00:06:09.621 [main] DEBUG org.hibernate.cfg.AbstractPropertyHolder - Attempting to locate auto-apply AttributeConverter for property [model.Leilao:data]
00:06:09.621 [main] DEBUG org.hibernate.cfg.annotations.SimpleValueBinder - building SimpleValue for data
00:06:09.621 [main] DEBUG org.hibernate.cfg.annotations.PropertyBinder - Building property data
00:06:09.622 [main] DEBUG org.hibernate.cfg.Ejb3Column - Binding column: Ejb3Column{table=org.hibernate.mapping.Table(leiloes), mappingColumn=nome, insertable=true, updatable=true, unique=false}
00:06:09.622 [main] DEBUG org.hibernate.cfg.annotations.PropertyBinder - MetadataSourceProcessor property nome with lazy=false
00:06:09.622 [main] DEBUG org.hibernate.cfg.AbstractPropertyHolder - Attempting to locate auto-apply AttributeConverter for property [model.Leilao:nome]
00:06:09.622 [main] DEBUG org.hibernate.cfg.annotations.SimpleValueBinder - building SimpleValue for nome
00:06:09.622 [main] DEBUG org.hibernate.cfg.annotations.PropertyBinder - Building property nome
00:06:09.622 [main] DEBUG org.hibernate.cfg.Ejb3Column - Binding column: Ejb3Column{table=org.hibernate.mapping.Table(leiloes), mappingColumn=status, insertable=true, updatable=true, unique=false}
00:06:09.622 [main] DEBUG org.hibernate.cfg.annotations.PropertyBinder - MetadataSourceProcessor property status with lazy=false
00:06:09.622 [main] DEBUG org.hibernate.cfg.AbstractPropertyHolder - Attempting to locate auto-apply AttributeConverter for property [model.Leilao:status]
00:06:09.622 [main] DEBUG org.hibernate.cfg.annotations.SimpleValueBinder - building SimpleValue for status
00:06:09.622 [main] DEBUG org.hibernate.cfg.annotations.PropertyBinder - Building property status
00:06:09.623 [main] DEBUG org.hibernate.cfg.Ejb3Column - Binding column: Ejb3Column{table=org.hibernate.mapping.Table(leiloes), mappingColumn=valorMinimo, insertable=true, updatable=true, unique=false}
00:06:09.623 [main] DEBUG org.hibernate.cfg.annotations.PropertyBinder - MetadataSourceProcessor property valorMinimo with lazy=false
00:06:09.623 [main] DEBUG org.hibernate.cfg.AbstractPropertyHolder - Attempting to locate auto-apply AttributeConverter for property [model.Leilao:valorMinimo]
00:06:09.623 [main] DEBUG org.hibernate.cfg.annotations.SimpleValueBinder - building SimpleValue for valorMinimo
00:06:09.623 [main] DEBUG org.hibernate.cfg.annotations.PropertyBinder - Building property valorMinimo
00:06:09.623 [main] DEBUG org.hibernate.cfg.AnnotationBinder - Binding entity from annotated class: model.Cliente
00:06:09.623 [main] DEBUG org.hibernate.cfg.Ejb3Column - Binding column: Ejb3DiscriminatorColumn{logicalColumnName&apos;DTYPE&apos;, discriminatorTypeName=&apos;string&apos;}
00:06:09.623 [main] DEBUG org.hibernate.cfg.annotations.EntityBinder - Import with entity name Cliente
00:06:09.623 [main] DEBUG org.hibernate.cfg.annotations.EntityBinder - Bind entity model.Cliente on table Cliente
00:06:09.624 [main] DEBUG org.hibernate.cfg.Ejb3Column - Binding column: Ejb3Column{table=org.hibernate.mapping.Table(Cliente), mappingColumn=id, insertable=true, updatable=true, unique=false}
00:06:09.624 [main] DEBUG org.hibernate.boot.internal.ClassLoaderAccessImpl - Not known whether passed class name [model.Cliente] is safe
00:06:09.624 [main] DEBUG org.hibernate.boot.internal.ClassLoaderAccessImpl - No temp ClassLoader provided; using live ClassLoader for loading potentially unsafe class : model.Cliente
00:06:09.624 [main] DEBUG org.hibernate.cfg.annotations.PropertyBinder - MetadataSourceProcessor property id with lazy=false
00:06:09.624 [main] DEBUG org.hibernate.cfg.AbstractPropertyHolder - Attempting to locate auto-apply AttributeConverter for property [model.Cliente:id]
00:06:09.624 [main] DEBUG org.hibernate.cfg.annotations.SimpleValueBinder - building SimpleValue for id
00:06:09.624 [main] DEBUG org.hibernate.cfg.annotations.PropertyBinder - Building property id
00:06:09.624 [main] DEBUG org.hibernate.cfg.BinderHelper - #makeIdGenerator(org.hibernate.mapping.SimpleValue([org.hibernate.mapping.Column(id)]), id, identity, , ...)
00:06:09.625 [main] DEBUG org.hibernate.cfg.Ejb3Column - Binding column: Ejb3Column{table=org.hibernate.mapping.Table(Cliente), mappingColumn=email, insertable=true, updatable=true, unique=false}
00:06:09.625 [main] DEBUG org.hibernate.cfg.annotations.PropertyBinder - MetadataSourceProcessor property email with lazy=false
00:06:09.625 [main] DEBUG org.hibernate.cfg.AbstractPropertyHolder - Attempting to locate auto-apply AttributeConverter for property [model.Cliente:email]
00:06:09.625 [main] DEBUG org.hibernate.cfg.annotations.SimpleValueBinder - building SimpleValue for email
00:06:09.625 [main] DEBUG org.hibernate.cfg.annotations.PropertyBinder - Building property email
00:06:09.625 [main] DEBUG org.hibernate.cfg.Ejb3Column - Binding column: Ejb3Column{table=org.hibernate.mapping.Table(Cliente), mappingColumn=nome, insertable=true, updatable=true, unique=false}
00:06:09.625 [main] DEBUG org.hibernate.cfg.annotations.PropertyBinder - MetadataSourceProcessor property nome with lazy=false
00:06:09.625 [main] DEBUG org.hibernate.cfg.AbstractPropertyHolder - Attempting to locate auto-apply AttributeConverter for property [model.Cliente:nome]
00:06:09.625 [main] DEBUG org.hibernate.cfg.annotations.SimpleValueBinder - building SimpleValue for nome
00:06:09.625 [main] DEBUG org.hibernate.cfg.annotations.PropertyBinder - Building property nome
00:06:09.625 [main] DEBUG org.hibernate.cfg.Ejb3Column - Binding column: Ejb3Column{table=org.hibernate.mapping.Table(Cliente), mappingColumn=senha, insertable=true, updatable=true, unique=false}
00:06:09.626 [main] DEBUG org.hibernate.cfg.annotations.PropertyBinder - MetadataSourceProcessor property senha with lazy=false
00:06:09.626 [main] DEBUG org.hibernate.cfg.AbstractPropertyHolder - Attempting to locate auto-apply AttributeConverter for property [model.Cliente:senha]
00:06:09.626 [main] DEBUG org.hibernate.cfg.annotations.SimpleValueBinder - building SimpleValue for senha
00:06:09.626 [main] DEBUG org.hibernate.cfg.annotations.PropertyBinder - Building property senha
00:06:09.627 [main] DEBUG org.hibernate.cfg.annotations.SimpleValueBinder - Starting fillSimpleValue for id
00:06:09.627 [main] DEBUG org.hibernate.cfg.annotations.SimpleValueBinder - Starting fillSimpleValue for email
00:06:09.627 [main] DEBUG org.hibernate.cfg.annotations.SimpleValueBinder - Starting fillSimpleValue for nome
00:06:09.627 [main] DEBUG org.hibernate.cfg.annotations.SimpleValueBinder - Starting fillSimpleValue for objeto
00:06:09.627 [main] DEBUG org.hibernate.cfg.annotations.SimpleValueBinder - Starting fillSimpleValue for valor
00:06:09.627 [main] DEBUG org.hibernate.cfg.annotations.SimpleValueBinder - Starting fillSimpleValue for id
00:06:09.628 [main] DEBUG org.hibernate.cfg.annotations.SimpleValueBinder - Starting fillSimpleValue for data
00:06:09.628 [main] DEBUG org.hibernate.cfg.annotations.SimpleValueBinder - Starting fillSimpleValue for nome
00:06:09.628 [main] DEBUG org.hibernate.cfg.annotations.SimpleValueBinder - Starting fillSimpleValue for status
00:06:09.628 [main] DEBUG org.hibernate.cfg.annotations.SimpleValueBinder - Starting fillSimpleValue for valorMinimo
00:06:09.628 [main] DEBUG org.hibernate.cfg.annotations.SimpleValueBinder - Starting fillSimpleValue for id
00:06:09.628 [main] DEBUG org.hibernate.cfg.annotations.SimpleValueBinder - Starting fillSimpleValue for email
00:06:09.628 [main] DEBUG org.hibernate.cfg.annotations.SimpleValueBinder - Starting fillSimpleValue for nome
00:06:09.628 [main] DEBUG org.hibernate.cfg.annotations.SimpleValueBinder - Starting fillSimpleValue for senha
00:06:09.629 [main] DEBUG org.hibernate.mapping.PrimaryKey - Forcing column [id] to be non-null as it is part of the primary key for table [lance]
00:06:09.629 [main] DEBUG org.hibernate.mapping.PrimaryKey - Forcing column [id] to be non-null as it is part of the primary key for table [leiloes]
00:06:09.629 [main] DEBUG org.hibernate.mapping.PrimaryKey - Forcing column [id] to be non-null as it is part of the primary key for table [cliente]
00:06:09.652 [main] DEBUG org.hibernate.internal.SessionFactoryImpl - Building session factory
00:06:09.653 [main] DEBUG org.hibernate.cfg.Settings - SessionFactory name : null
00:06:09.653 [main] DEBUG org.hibernate.cfg.Settings - Automatic flush during beforeCompletion(): enabled
00:06:09.653 [main] DEBUG org.hibernate.cfg.Settings - Automatic session close at end of transaction: disabled
00:06:09.653 [main] DEBUG org.hibernate.cfg.Settings - Statistics: disabled
00:06:09.653 [main] DEBUG org.hibernate.cfg.Settings - Deleted entity synthetic identifier rollback: disabled
00:06:09.653 [main] DEBUG org.hibernate.cfg.Settings - Default entity-mode: pojo
00:06:09.653 [main] DEBUG org.hibernate.cfg.Settings - Check Nullability in Core (should be disabled when Bean Validation is on): enabled
00:06:09.653 [main] DEBUG org.hibernate.cfg.Settings - Allow initialization of lazy state outside session : disabled
00:06:09.654 [main] DEBUG org.hibernate.cfg.Settings - Using BatchFetchStyle : LEGACY
00:06:09.654 [main] DEBUG org.hibernate.cfg.Settings - Default batch fetch size: -1
00:06:09.654 [main] DEBUG org.hibernate.cfg.Settings - Maximum outer join fetch depth: null
00:06:09.654 [main] DEBUG org.hibernate.cfg.Settings - Default null ordering: NONE
00:06:09.654 [main] DEBUG org.hibernate.cfg.Settings - Order SQL updates by primary key: disabled
00:06:09.654 [main] DEBUG org.hibernate.cfg.Settings - Order SQL inserts for batching: disabled
00:06:09.654 [main] DEBUG org.hibernate.cfg.Settings - multi-tenancy strategy : NONE
00:06:09.654 [main] DEBUG org.hibernate.cfg.Settings - JTA Track by Thread: enabled
00:06:09.654 [main] DEBUG org.hibernate.cfg.Settings - Query language substitutions: {}
00:06:09.654 [main] DEBUG org.hibernate.cfg.Settings - Named query checking : enabled
00:06:09.654 [main] DEBUG org.hibernate.cfg.Settings - Second-level cache: disabled
00:06:09.654 [main] DEBUG org.hibernate.cfg.Settings - Second-level query cache: disabled
00:06:09.654 [main] DEBUG org.hibernate.cfg.Settings - Second-level query cache factory: null
00:06:09.654 [main] DEBUG org.hibernate.cfg.Settings - Second-level cache region prefix: null
00:06:09.654 [main] DEBUG org.hibernate.cfg.Settings - Optimize second-level cache for minimal puts: disabled
00:06:09.654 [main] DEBUG org.hibernate.cfg.Settings - Structured second-level cache entries: disabled
00:06:09.654 [main] DEBUG org.hibernate.cfg.Settings - Second-level cache direct-reference entries: disabled
00:06:09.655 [main] DEBUG org.hibernate.cfg.Settings - Automatic eviction of collection cache: disabled
00:06:09.655 [main] DEBUG org.hibernate.cfg.Settings - JDBC batch size: 15
00:06:09.655 [main] DEBUG org.hibernate.cfg.Settings - JDBC batch updates for versioned data: enabled
00:06:09.655 [main] DEBUG org.hibernate.cfg.Settings - Scrollable result sets: enabled
00:06:09.655 [main] DEBUG org.hibernate.cfg.Settings - Wrap result sets: disabled
00:06:09.655 [main] DEBUG org.hibernate.cfg.Settings - JDBC3 getGeneratedKeys(): enabled
00:06:09.655 [main] DEBUG org.hibernate.cfg.Settings - JDBC result set fetch size: null
00:06:09.655 [main] DEBUG org.hibernate.cfg.Settings - Connection release mode: AFTER_TRANSACTION
00:06:09.655 [main] DEBUG org.hibernate.cfg.Settings - Generate SQL with comments: disabled
00:06:09.655 [main] DEBUG org.hibernate.cfg.Settings - JPA compliance - query : disabled
00:06:09.655 [main] DEBUG org.hibernate.cfg.Settings - JPA compliance - closed-handling : disabled
00:06:09.655 [main] DEBUG org.hibernate.cfg.Settings - JPA compliance - lists : disabled
00:06:09.655 [main] DEBUG org.hibernate.cfg.Settings - JPA compliance - transactions : disabled
00:06:09.692 [main] DEBUG org.hibernate.service.internal.SessionFactoryServiceRegistryImpl - EventListenerRegistry access via ServiceRegistry is deprecated.  Use `sessionFactory.getEventEngine().getListenerRegistry()` instead
00:06:09.692 [main] DEBUG org.hibernate.service.internal.SessionFactoryServiceRegistryImpl - EventListenerRegistry access via ServiceRegistry is deprecated.  Use `sessionFactory.getEventEngine().getListenerRegistry()` instead
00:06:09.703 [main] DEBUG org.hibernate.internal.SessionFactoryImpl - Session factory constructed with filter configurations : {}
00:06:09.703 [main] DEBUG org.hibernate.internal.SessionFactoryImpl - Instantiating session factory with properties: {java.specification.version=16, sun.cpu.isalist=amd64, sun.jnu.encoding=Cp1252, hibernate.dialect=org.hibernate.dialect.PostgreSQLDialect, java.class.path=D:\TestedeSw\Desenvolivmento-Leilao\target\test-classes;D:\TestedeSw\Desenvolivmento-Leilao\target\classes;C:\Users\wilso\.m2\repository\javax\servlet\javax.servlet-api\4.0.1\javax.servlet-api-4.0.1.jar;C:\Users\wilso\.m2\repository\org\seleniumhq\selenium\selenium-chrome-driver\3.141.59\selenium-chrome-driver-3.141.59.jar;C:\Users\wilso\.m2\repository\org\seleniumhq\selenium\selenium-api\3.141.59\selenium-api-3.141.59.jar;C:\Users\wilso\.m2\repository\org\seleniumhq\selenium\selenium-remote-driver\3.141.59\selenium-remote-driver-3.141.59.jar;C:\Users\wilso\.m2\repository\net\bytebuddy\byte-buddy\1.8.15\byte-buddy-1.8.15.jar;C:\Users\wilso\.m2\repository\org\apache\commons\commons-exec\1.3\commons-exec-1.3.jar;C:\Users\wilso\.m2\repository\com\google\guava\guava\25.0-jre\guava-25.0-jre.jar;C:\Users\wilso\.m2\repository\com\google\code\findbugs\jsr305\1.3.9\jsr305-1.3.9.jar;C:\Users\wilso\.m2\repository\org\checkerframework\checker-compat-qual\2.0.0\checker-compat-qual-2.0.0.jar;C:\Users\wilso\.m2\repository\com\google\errorprone\error_prone_annotations\2.1.3\error_prone_annotations-2.1.3.jar;C:\Users\wilso\.m2\repository\com\google\j2objc\j2objc-annotations\1.1\j2objc-annotations-1.1.jar;C:\Users\wilso\.m2\repository\org\codehaus\mojo\animal-sniffer-annotations\1.14\animal-sniffer-annotations-1.14.jar;C:\Users\wilso\.m2\repository\com\squareup\okhttp3\okhttp\3.11.0\okhttp-3.11.0.jar;C:\Users\wilso\.m2\repository\com\squareup\okio\okio\1.14.0\okio-1.14.0.jar;C:\Users\wilso\.m2\repository\org\seleniumhq\selenium\selenium-java\3.141.59\selenium-java-3.141.59.jar;C:\Users\wilso\.m2\repository\org\seleniumhq\selenium\selenium-edge-driver\3.141.59\selenium-edge-driver-3.141.59.jar;C:\Users\wilso\.m2\repository\org\seleniumhq\selenium\selenium-firefox-driver\3.141.59\selenium-firefox-driver-3.141.59.jar;C:\Users\wilso\.m2\repository\org\seleniumhq\selenium\selenium-ie-driver\3.141.59\selenium-ie-driver-3.141.59.jar;C:\Users\wilso\.m2\repository\org\seleniumhq\selenium\selenium-opera-driver\3.141.59\selenium-opera-driver-3.141.59.jar;C:\Users\wilso\.m2\repository\org\seleniumhq\selenium\selenium-safari-driver\3.141.59\selenium-safari-driver-3.141.59.jar;C:\Users\wilso\.m2\repository\org\seleniumhq\selenium\selenium-support\3.141.59\selenium-support-3.141.59.jar;C:\Users\wilso\.m2\repository\io\github\bonigarcia\webdrivermanager\2.2.1\webdrivermanager-2.2.1.jar;C:\Users\wilso\.m2\repository\org\slf4j\slf4j-api\1.7.24\slf4j-api-1.7.24.jar;C:\Users\wilso\.m2\repository\commons-io\commons-io\2.5\commons-io-2.5.jar;C:\Users\wilso\.m2\repository\com\google\code\gson\gson\2.8.0\gson-2.8.0.jar;C:\Users\wilso\.m2\repository\org\apache\commons\commons-lang3\3.5\commons-lang3-3.5.jar;C:\Users\wilso\.m2\repository\org\apache\httpcomponents\httpclient\4.5.3\httpclient-4.5.3.jar;C:\Users\wilso\.m2\repository\org\apache\httpcomponents\httpcore\4.4.6\httpcore-4.4.6.jar;C:\Users\wilso\.m2\repository\commons-logging\commons-logging\1.2\commons-logging-1.2.jar;C:\Users\wilso\.m2\repository\commons-codec\commons-codec\1.9\commons-codec-1.9.jar;C:\Users\wilso\.m2\repository\org\rauschig\jarchivelib\0.7.1\jarchivelib-0.7.1.jar;C:\Users\wilso\.m2\repository\org\apache\commons\commons-compress\1.9\commons-compress-1.9.jar;C:\Users\wilso\.m2\repository\org\jsoup\jsoup\1.10.2\jsoup-1.10.2.jar;C:\Users\wilso\.m2\repository\ch\qos\logback\logback-classic\1.2.3\logback-classic-1.2.3.jar;C:\Users\wilso\.m2\repository\ch\qos\logback\logback-core\1.2.3\logback-core-1.2.3.jar;C:\Users\wilso\.m2\repository\javax\mail\mail\1.4\mail-1.4.jar;C:\Users\wilso\.m2\repository\javax\activation\activation\1.1.1\activation-1.1.1.jar;C:\Users\wilso\.m2\repository\junit\junit\4.13.2\junit-4.13.2.jar;C:\Users\wilso\.m2\repository\org\hamcrest\hamcrest-core\1.3\hamcrest-core-1.3.jar;C:\Users\wilso\.m2\repository\org\mockito\mockito-all\1.10.19\mockito-all-1.10.19.jar;C:\Users\wilso\.m2\repository\org\hibernate\hibernate-entitymanager\5.4.30.Final\hibernate-entitymanager-5.4.30.Final.jar;C:\Users\wilso\.m2\repository\org\jboss\logging\jboss-logging\3.4.1.Final\jboss-logging-3.4.1.Final.jar;C:\Users\wilso\.m2\repository\org\hibernate\common\hibernate-commons-annotations\5.1.2.Final\hibernate-commons-annotations-5.1.2.Final.jar;C:\Users\wilso\.m2\repository\javax\persistence\javax.persistence-api\2.2\javax.persistence-api-2.2.jar;C:\Users\wilso\.m2\repository\org\jboss\spec\javax\transaction\jboss-transaction-api_1.2_spec\1.1.1.Final\jboss-transaction-api_1.2_spec-1.1.1.Final.jar;C:\Users\wilso\.m2\repository\org\junit\jupiter\junit-jupiter-api\5.7.1\junit-jupiter-api-5.7.1.jar;C:\Users\wilso\.m2\repository\org\apiguardian\apiguardian-api\1.1.0\apiguardian-api-1.1.0.jar;C:\Users\wilso\.m2\repository\org\opentest4j\opentest4j\1.2.0\opentest4j-1.2.0.jar;C:\Users\wilso\.m2\repository\org\junit\platform\junit-platform-commons\1.7.1\junit-platform-commons-1.7.1.jar;C:\Users\wilso\.m2\repository\org\junit\jupiter\junit-jupiter-engine\5.7.1\junit-jupiter-engine-5.7.1.jar;C:\Users\wilso\.m2\repository\org\junit\platform\junit-platform-engine\1.7.1\junit-platform-engine-1.7.1.jar;C:\Users\wilso\.m2\repository\jstl\jstl\1.2\jstl-1.2.jar;C:\Users\wilso\.m2\repository\org\postgresql\postgresql\42.2.13\postgresql-42.2.13.jar;C:\Users\wilso\.m2\repository\com\github\waffle\waffle-jna\1.9.1\waffle-jna-1.9.1.jar;C:\Users\wilso\.m2\repository\net\java\dev\jna\jna\4.5.1\jna-4.5.1.jar;C:\Users\wilso\.m2\repository\net\java\dev\jna\jna-platform\4.5.1\jna-platform-4.5.1.jar;C:\Users\wilso\.m2\repository\org\slf4j\jcl-over-slf4j\1.7.25\jcl-over-slf4j-1.7.25.jar;C:\Users\wilso\.m2\repository\com\github\ben-manes\caffeine\caffeine\2.6.2\caffeine-2.6.2.jar;C:\Users\wilso\.m2\repository\org\osgi\org.osgi.core\4.3.1\org.osgi.core-4.3.1.jar;C:\Users\wilso\.m2\repository\org\osgi\org.osgi.enterprise\4.2.0\org.osgi.enterprise-4.2.0.jar;C:\Users\wilso\.m2\repository\org\hibernate\hibernate-core\5.5.5.Final\hibernate-core-5.5.5.Final.jar;C:\Users\wilso\.m2\repository\org\javassist\javassist\3.27.0-GA\javassist-3.27.0-GA.jar;C:\Users\wilso\.m2\repository\org\jboss\jandex\2.2.3.Final\jandex-2.2.3.Final.jar;C:\Users\wilso\.m2\repository\com\fasterxml\classmate\1.5.1\classmate-1.5.1.jar;C:\Users\wilso\.m2\repository\javax\activation\javax.activation-api\1.2.0\javax.activation-api-1.2.0.jar;C:\Users\wilso\.m2\repository\javax\xml\bind\jaxb-api\2.3.1\jaxb-api-2.3.1.jar;C:\Users\wilso\.m2\repository\org\glassfish\jaxb\jaxb-runtime\2.3.1\jaxb-runtime-2.3.1.jar;C:\Users\wilso\.m2\repository\org\glassfish\jaxb\txw2\2.3.1\txw2-2.3.1.jar;C:\Users\wilso\.m2\repository\com\sun\istack\istack-commons-runtime\3.0.7\istack-commons-runtime-3.0.7.jar;C:\Users\wilso\.m2\repository\org\jvnet\staxex\stax-ex\1.8\stax-ex-1.8.jar;C:\Users\wilso\.m2\repository\com\sun\xml\fastinfoset\FastInfoset\1.2.15\FastInfoset-1.2.15.jar;C:\Users\wilso\.m2\repository\org\dom4j\dom4j\2.1.3\dom4j-2.1.3.jar;C:\Users\wilso\.m2\repository\antlr\antlr\2.7.7\antlr-2.7.7.jar;, java.vm.vendor=Oracle Corporation, sun.arch.data.model=64, user.variant=, java.vendor.url=https://java.oracle.com/, user.timezone=America/Sao_Paulo, javax.persistence.jdbc.url=jdbc:postgresql://localhost/postgres?useSSL=false&amp;serverTimezone=UTC, javax.persistence.jdbc.user=****, java.vm.specification.version=16, os.name=Windows 10, jakarta.persistence.jdbc.password=****, sun.java.launcher=SUN_STANDARD, user.country=BR, local.setting.IS_JTA_TXN_COORD=false, sun.boot.library.path=C:\Users\wilso\.jdks\openjdk-16.0.1\bin, sun.java.command=D:\TestedeSw\Desenvolivmento-Leilao\target\surefire\surefirebooter948638914691903440.jar D:\TestedeSw\Desenvolivmento-Leilao\target\surefire\surefire17090652239533642978tmp D:\TestedeSw\Desenvolivmento-Leilao\target\surefire\surefire_03701802920224603322tmp, jdk.debug=release, surefire.test.class.path=D:\TestedeSw\Desenvolivmento-Leilao\target\test-classes;D:\TestedeSw\Desenvolivmento-Leilao\target\classes;C:\Users\wilso\.m2\repository\javax\servlet\javax.servlet-api\4.0.1\javax.servlet-api-4.0.1.jar;C:\Users\wilso\.m2\repository\org\seleniumhq\selenium\selenium-chrome-driver\3.141.59\selenium-chrome-driver-3.141.59.jar;C:\Users\wilso\.m2\repository\org\seleniumhq\selenium\selenium-api\3.141.59\selenium-api-3.141.59.jar;C:\Users\wilso\.m2\repository\org\seleniumhq\selenium\selenium-remote-driver\3.141.59\selenium-remote-driver-3.141.59.jar;C:\Users\wilso\.m2\repository\net\bytebuddy\byte-buddy\1.8.15\byte-buddy-1.8.15.jar;C:\Users\wilso\.m2\repository\org\apache\commons\commons-exec\1.3\commons-exec-1.3.jar;C:\Users\wilso\.m2\repository\com\google\guava\guava\25.0-jre\guava-25.0-jre.jar;C:\Users\wilso\.m2\repository\com\google\code\findbugs\jsr305\1.3.9\jsr305-1.3.9.jar;C:\Users\wilso\.m2\repository\org\checkerframework\checker-compat-qual\2.0.0\checker-compat-qual-2.0.0.jar;C:\Users\wilso\.m2\repository\com\google\errorprone\error_prone_annotations\2.1.3\error_prone_annotations-2.1.3.jar;C:\Users\wilso\.m2\repository\com\google\j2objc\j2objc-annotations\1.1\j2objc-annotations-1.1.jar;C:\Users\wilso\.m2\repository\org\codehaus\mojo\animal-sniffer-annotations\1.14\animal-sniffer-annotations-1.14.jar;C:\Users\wilso\.m2\repository\com\squareup\okhttp3\okhttp\3.11.0\okhttp-3.11.0.jar;C:\Users\wilso\.m2\repository\com\squareup\okio\okio\1.14.0\okio-1.14.0.jar;C:\Users\wilso\.m2\repository\org\seleniumhq\selenium\selenium-java\3.141.59\selenium-java-3.141.59.jar;C:\Users\wilso\.m2\repository\org\seleniumhq\selenium\selenium-edge-driver\3.141.59\selenium-edge-driver-3.141.59.jar;C:\Users\wilso\.m2\repository\org\seleniumhq\selenium\selenium-firefox-driver\3.141.59\selenium-firefox-driver-3.141.59.jar;C:\Users\wilso\.m2\repository\org\seleniumhq\selenium\selenium-ie-driver\3.141.59\selenium-ie-driver-3.141.59.jar;C:\Users\wilso\.m2\repository\org\seleniumhq\selenium\selenium-opera-driver\3.141.59\selenium-opera-driver-3.141.59.jar;C:\Users\wilso\.m2\repository\org\seleniumhq\selenium\selenium-safari-driver\3.141.59\selenium-safari-driver-3.141.59.jar;C:\Users\wilso\.m2\repository\org\seleniumhq\selenium\selenium-support\3.141.59\selenium-support-3.141.59.jar;C:\Users\wilso\.m2\repository\io\github\bonigarcia\webdrivermanager\2.2.1\webdrivermanager-2.2.1.jar;C:\Users\wilso\.m2\repository\org\slf4j\slf4j-api\1.7.24\slf4j-api-1.7.24.jar;C:\Users\wilso\.m2\repository\commons-io\commons-io\2.5\commons-io-2.5.jar;C:\Users\wilso\.m2\repository\com\google\code\gson\gson\2.8.0\gson-2.8.0.jar;C:\Users\wilso\.m2\repository\org\apache\commons\commons-lang3\3.5\commons-lang3-3.5.jar;C:\Users\wilso\.m2\repository\org\apache\httpcomponents\httpclient\4.5.3\httpclient-4.5.3.jar;C:\Users\wilso\.m2\repository\org\apache\httpcomponents\httpcore\4.4.6\httpcore-4.4.6.jar;C:\Users\wilso\.m2\repository\commons-logging\commons-logging\1.2\commons-logging-1.2.jar;C:\Users\wilso\.m2\repository\commons-codec\commons-codec\1.9\commons-codec-1.9.jar;C:\Users\wilso\.m2\repository\org\rauschig\jarchivelib\0.7.1\jarchivelib-0.7.1.jar;C:\Users\wilso\.m2\repository\org\apache\commons\commons-compress\1.9\commons-compress-1.9.jar;C:\Users\wilso\.m2\repository\org\jsoup\jsoup\1.10.2\jsoup-1.10.2.jar;C:\Users\wilso\.m2\repository\ch\qos\logback\logback-classic\1.2.3\logback-classic-1.2.3.jar;C:\Users\wilso\.m2\repository\ch\qos\logback\logback-core\1.2.3\logback-core-1.2.3.jar;C:\Users\wilso\.m2\repository\javax\mail\mail\1.4\mail-1.4.jar;C:\Users\wilso\.m2\repository\javax\activation\activation\1.1.1\activation-1.1.1.jar;C:\Users\wilso\.m2\repository\junit\junit\4.13.2\junit-4.13.2.jar;C:\Users\wilso\.m2\repository\org\hamcrest\hamcrest-core\1.3\hamcrest-core-1.3.jar;C:\Users\wilso\.m2\repository\org\mockito\mockito-all\1.10.19\mockito-all-1.10.19.jar;C:\Users\wilso\.m2\repository\org\hibernate\hibernate-entitymanager\5.4.30.Final\hibernate-entitymanager-5.4.30.Final.jar;C:\Users\wilso\.m2\repository\org\jboss\logging\jboss-logging\3.4.1.Final\jboss-logging-3.4.1.Final.jar;C:\Users\wilso\.m2\repository\org\hibernate\common\hibernate-commons-annotations\5.1.2.Final\hibernate-commons-annotations-5.1.2.Final.jar;C:\Users\wilso\.m2\repository\javax\persistence\javax.persistence-api\2.2\javax.persistence-api-2.2.jar;C:\Users\wilso\.m2\repository\org\jboss\spec\javax\transaction\jboss-transaction-api_1.2_spec\1.1.1.Final\jboss-transaction-api_1.2_spec-1.1.1.Final.jar;C:\Users\wilso\.m2\repository\org\junit\jupiter\junit-jupiter-api\5.7.1\junit-jupiter-api-5.7.1.jar;C:\Users\wilso\.m2\repository\org\apiguardian\apiguardian-api\1.1.0\apiguardian-api-1.1.0.jar;C:\Users\wilso\.m2\repository\org\opentest4j\opentest4j\1.2.0\opentest4j-1.2.0.jar;C:\Users\wilso\.m2\repository\org\junit\platform\junit-platform-commons\1.7.1\junit-platform-commons-1.7.1.jar;C:\Users\wilso\.m2\repository\org\junit\jupiter\junit-jupiter-engine\5.7.1\junit-jupiter-engine-5.7.1.jar;C:\Users\wilso\.m2\repository\org\junit\platform\junit-platform-engine\1.7.1\junit-platform-engine-1.7.1.jar;C:\Users\wilso\.m2\repository\jstl\jstl\1.2\jstl-1.2.jar;C:\Users\wilso\.m2\repository\org\postgresql\postgresql\42.2.13\postgresql-42.2.13.jar;C:\Users\wilso\.m2\repository\com\github\waffle\waffle-jna\1.9.1\waffle-jna-1.9.1.jar;C:\Users\wilso\.m2\repository\net\java\dev\jna\jna\4.5.1\jna-4.5.1.jar;C:\Users\wilso\.m2\repository\net\java\dev\jna\jna-platform\4.5.1\jna-platform-4.5.1.jar;C:\Users\wilso\.m2\repository\org\slf4j\jcl-over-slf4j\1.7.25\jcl-over-slf4j-1.7.25.jar;C:\Users\wilso\.m2\repository\com\github\ben-manes\caffeine\caffeine\2.6.2\caffeine-2.6.2.jar;C:\Users\wilso\.m2\repository\org\osgi\org.osgi.core\4.3.1\org.osgi.core-4.3.1.jar;C:\Users\wilso\.m2\repository\org\osgi\org.osgi.enterprise\4.2.0\org.osgi.enterprise-4.2.0.jar;C:\Users\wilso\.m2\repository\org\hibernate\hibernate-core\5.5.5.Final\hibernate-core-5.5.5.Final.jar;C:\Users\wilso\.m2\repository\org\javassist\javassist\3.27.0-GA\javassist-3.27.0-GA.jar;C:\Users\wilso\.m2\repository\org\jboss\jandex\2.2.3.Final\jandex-2.2.3.Final.jar;C:\Users\wilso\.m2\repository\com\fasterxml\classmate\1.5.1\classmate-1.5.1.jar;C:\Users\wilso\.m2\repository\javax\activation\javax.activation-api\1.2.0\javax.activation-api-1.2.0.jar;C:\Users\wilso\.m2\repository\javax\xml\bind\jaxb-api\2.3.1\jaxb-api-2.3.1.jar;C:\Users\wilso\.m2\repository\org\glassfish\jaxb\jaxb-runtime\2.3.1\jaxb-runtime-2.3.1.jar;C:\Users\wilso\.m2\repository\org\glassfish\jaxb\txw2\2.3.1\txw2-2.3.1.jar;C:\Users\wilso\.m2\repository\com\sun\istack\istack-commons-runtime\3.0.7\istack-commons-runtime-3.0.7.jar;C:\Users\wilso\.m2\repository\org\jvnet\staxex\stax-ex\1.8\stax-ex-1.8.jar;C:\Users\wilso\.m2\repository\com\sun\xml\fastinfoset\FastInfoset\1.2.15\FastInfoset-1.2.15.jar;C:\Users\wilso\.m2\repository\org\dom4j\dom4j\2.1.3\dom4j-2.1.3.jar;C:\Users\wilso\.m2\repository\antlr\antlr\2.7.7\antlr-2.7.7.jar;, jakarta.persistence.jdbc.driver=org.postgresql.Driver, sun.cpu.endian=little, user.home=C:\Users\wilso, user.language=pt, java.specification.vendor=Oracle Corporation, java.version.date=2021-04-20, java.home=C:\Users\wilso\.jdks\openjdk-16.0.1, file.separator=\, basedir=D:\TestedeSw\Desenvolivmento-Leilao, java.vm.compressedOopsMode=Zero based, jakarta.persistence.jdbc.user=****, line.separator=
, java.vm.specification.vendor=Oracle Corporation, java.specification.name=Java Platform API Specification, hibernate.transaction.coordinator_class=class org.hibernate.resource.transaction.backend.jdbc.internal.JdbcResourceLocalTransactionCoordinatorBuilderImpl, javax.persistence.jdbc.driver=org.postgresql.Driver, surefire.real.class.path=D:\TestedeSw\Desenvolivmento-Leilao\target\surefire\surefirebooter948638914691903440.jar, hibernate.hbm2ddl.auto=update, user.script=, sun.management.compiler=HotSpot 64-Bit Tiered Compilers, java.runtime.version=16.0.1+9-24, user.name=wilso, path.separator=;, hibernate.connection.username=****, os.version=10.0, java.runtime.name=OpenJDK Runtime Environment, hibernate.connection.url=jdbc:postgresql://localhost/postgres?useSSL=false&amp;serverTimezone=UTC, file.encoding=Cp1252, hibernate.ejb.persistenceUnitName=exemplo-jpa, java.vm.name=OpenJDK 64-Bit Server VM, localRepository=C:\Users\wilso\.m2\repository, hibernate.connection.driver_class=org.postgresql.Driver, java.vendor.url.bug=https://bugreport.java.com/bugreport/, java.io.tmpdir=C:\Users\wilso\AppData\Local\Temp\, idea.version=2021.2.1, java.version=16.0.1, user.dir=D:\TestedeSw\Desenvolivmento-Leilao, os.arch=amd64, java.vm.specification.name=Java Virtual Machine Specification, hibernate.connection.password=****, sun.os.patch.level=, jakarta.persistence.jdbc.url=jdbc:postgresql://localhost/postgres?useSSL=false&amp;serverTimezone=UTC, hibernate.boot.CfgXmlAccessService.key=org.hibernate.boot.registry.StandardServiceRegistryBuilder$1@349d0836, java.library.path=C:\Users\wilso\.jdks\openjdk-16.0.1\bin;C:\Windows\Sun\Java\bin;C:\Windows\system32;C:\Windows;C:\Python39\Scripts\;C:\Python39\;C:\ProgramData\Oracle\Java\javapath;C:\Windows\system32;C:\Windows;C:\Windows\System32\Wbem;C:\Windows\System32\WindowsPowerShell\v1.0\;C:\Windows\System32\OpenSSH\;C:\Program Files\NVIDIA Corporation\NVIDIA NvDLISR;C:\Program Files (x86)\NVIDIA Corporation\PhysX\Common;C:\Program Files (x86)\nodejs\;C:\ProgramData\chocolatey\bin;C:\Program Files\Git\cmd;C:\Program Files\dotnet\;C:\Program Files\Microsoft SQL Server\130\Tools\Binn\;C:\Program Files\Microsoft SQL Server\Client SDK\ODBC\170\Tools\Binn\;C:\Users\wilso\AppData\Local\Microsoft\WindowsApps;C:\Users\wilso\AppData\Local\Programs\Microsoft VS Code\bin;C:\Users\wilso\AppData\Roaming\npm;C:\Users\wilso\.dotnet\tools;., java.vendor=Oracle Corporation, java.vm.info=mixed mode, sharing, java.vm.version=16.0.1+9-24, hibernate.bytecode.use_reflection_optimizer=false, sun.io.unicode.encoding=UnicodeLittle, javax.persistence.jdbc.password=****, java.class.version=60.0}
00:06:09.712 [main] DEBUG org.hibernate.secure.spi.JaccIntegrator - Skipping JACC integration as it was not enabled
00:06:09.713 [main] DEBUG org.hibernate.internal.SessionFactoryImpl - Instantiated session factory
00:06:09.713 [main] DEBUG org.hibernate.type.spi.TypeConfiguration$Scope - Scoping TypeConfiguration [org.hibernate.type.spi.TypeConfiguration@49f5c307] to SessionFactoryImpl [org.hibernate.internal.SessionFactoryImpl@3703bf3c]
00:06:09.749 [main] DEBUG org.hibernate.boot.internal.ClassLoaderAccessImpl - Not known whether passed class name [model.Lance] is safe
00:06:09.749 [main] DEBUG org.hibernate.boot.internal.ClassLoaderAccessImpl - No temp ClassLoader provided; using live ClassLoader for loading potentially unsafe class : model.Lance
00:06:09.873 [main] DEBUG org.hibernate.boot.internal.ClassLoaderAccessImpl - Not known whether passed class name [model.Leilao] is safe
00:06:09.873 [main] DEBUG org.hibernate.boot.internal.ClassLoaderAccessImpl - No temp ClassLoader provided; using live ClassLoader for loading potentially unsafe class : model.Leilao
00:06:09.888 [main] DEBUG org.hibernate.boot.internal.ClassLoaderAccessImpl - Not known whether passed class name [model.Cliente] is safe
00:06:09.888 [main] DEBUG org.hibernate.boot.internal.ClassLoaderAccessImpl - No temp ClassLoader provided; using live ClassLoader for loading potentially unsafe class : model.Cliente
00:06:09.903 [main] DEBUG org.hibernate.persister.entity.AbstractEntityPersister - Static SQL for entity: model.Lance
00:06:09.903 [main] DEBUG org.hibernate.persister.entity.AbstractEntityPersister -  Version select: select id from Lance where id =?
00:06:09.903 [main] DEBUG org.hibernate.persister.entity.AbstractEntityPersister -  Snapshot select: select lance_.id, lance_.email as email2_1_, lance_.nome as nome3_1_, lance_.objeto as objeto4_1_, lance_.valor as valor5_1_ from Lance lance_ where lance_.id=?
00:06:09.903 [main] DEBUG org.hibernate.persister.entity.AbstractEntityPersister -  Insert 0: insert into Lance (email, nome, objeto, valor, id) values (?, ?, ?, ?, ?)
00:06:09.904 [main] DEBUG org.hibernate.persister.entity.AbstractEntityPersister -  Update 0: update Lance set email=?, nome=?, objeto=?, valor=? where id=?
00:06:09.904 [main] DEBUG org.hibernate.persister.entity.AbstractEntityPersister -  Delete 0: delete from Lance where id=?
00:06:09.904 [main] DEBUG org.hibernate.persister.entity.AbstractEntityPersister -  Identity insert: insert into Lance (email, nome, objeto, valor) values (?, ?, ?, ?)
00:06:09.918 [main] DEBUG org.hibernate.loader.plan.build.internal.spaces.QuerySpacesImpl - Adding QuerySpace : uid = &lt;gen:0&gt; -&gt; org.hibernate.loader.plan.build.internal.spaces.EntityQuerySpaceImpl@42c28305]
00:06:09.919 [main] DEBUG org.hibernate.persister.walking.spi.MetamodelGraphWalker - Visiting attribute path : email
00:06:09.919 [main] DEBUG org.hibernate.persister.walking.spi.MetamodelGraphWalker - Visiting attribute path : nome
00:06:09.919 [main] DEBUG org.hibernate.persister.walking.spi.MetamodelGraphWalker - Visiting attribute path : objeto
00:06:09.919 [main] DEBUG org.hibernate.persister.walking.spi.MetamodelGraphWalker - Visiting attribute path : valor
00:06:09.919 [main] DEBUG org.hibernate.loader.plan.build.internal.FetchStyleLoadPlanBuildingAssociationVisitationStrategy - Building LoadPlan...
00:06:09.926 [main] DEBUG org.hibernate.loader.plan.exec.internal.LoadQueryJoinAndFetchProcessor - processing queryspace &lt;gen:0&gt;
00:06:09.929 [main] DEBUG org.hibernate.loader.plan.build.spi.LoadPlanTreePrinter - LoadPlan(entity=model.Lance)
    - Returns
       - EntityReturnImpl(entity=model.Lance, querySpaceUid=&lt;gen:0&gt;, path=model.Lance)
    - QuerySpaces
       - EntityQuerySpaceImpl(uid=&lt;gen:0&gt;, entity=model.Lance)
          - SQL table alias mapping - lance0_
          - alias suffix - 0_
          - suffixed key columns - {id1_1_0_}

00:06:09.930 [main] DEBUG org.hibernate.loader.entity.plan.EntityLoader - Static select for entity model.Lance [NONE]: select lance0_.id as id1_1_0_, lance0_.email as email2_1_0_, lance0_.nome as nome3_1_0_, lance0_.objeto as objeto4_1_0_, lance0_.valor as valor5_1_0_ from Lance lance0_ where lance0_.id=?
00:06:09.930 [main] DEBUG org.hibernate.persister.entity.AbstractEntityPersister - Static SQL for entity: model.Leilao
00:06:09.930 [main] DEBUG org.hibernate.persister.entity.AbstractEntityPersister -  Version select: select id from leiloes where id =?
00:06:09.930 [main] DEBUG org.hibernate.persister.entity.AbstractEntityPersister -  Snapshot select: select leilao_.id, leilao_.data as data2_2_, leilao_.nome as nome3_2_, leilao_.status as status4_2_, leilao_.valorMinimo as valormin5_2_ from leiloes leilao_ where leilao_.id=?
00:06:09.930 [main] DEBUG org.hibernate.persister.entity.AbstractEntityPersister -  Insert 0: insert into leiloes (data, nome, status, valorMinimo, id) values (?, ?, ?, ?, ?)
00:06:09.930 [main] DEBUG org.hibernate.persister.entity.AbstractEntityPersister -  Update 0: update leiloes set data=?, nome=?, status=?, valorMinimo=? where id=?
00:06:09.930 [main] DEBUG org.hibernate.persister.entity.AbstractEntityPersister -  Delete 0: delete from leiloes where id=?
00:06:09.930 [main] DEBUG org.hibernate.persister.entity.AbstractEntityPersister -  Identity insert: insert into leiloes (data, nome, status, valorMinimo) values (?, ?, ?, ?)
00:06:09.931 [main] DEBUG org.hibernate.loader.plan.build.internal.spaces.QuerySpacesImpl - Adding QuerySpace : uid = &lt;gen:0&gt; -&gt; org.hibernate.loader.plan.build.internal.spaces.EntityQuerySpaceImpl@7c8f9c2e]
00:06:09.931 [main] DEBUG org.hibernate.persister.walking.spi.MetamodelGraphWalker - Visiting attribute path : data
00:06:09.931 [main] DEBUG org.hibernate.persister.walking.spi.MetamodelGraphWalker - Visiting attribute path : nome
00:06:09.931 [main] DEBUG org.hibernate.persister.walking.spi.MetamodelGraphWalker - Visiting attribute path : status
00:06:09.931 [main] DEBUG org.hibernate.persister.walking.spi.MetamodelGraphWalker - Visiting attribute path : valorMinimo
00:06:09.931 [main] DEBUG org.hibernate.loader.plan.build.internal.FetchStyleLoadPlanBuildingAssociationVisitationStrategy - Building LoadPlan...
00:06:09.931 [main] DEBUG org.hibernate.loader.plan.exec.internal.LoadQueryJoinAndFetchProcessor - processing queryspace &lt;gen:0&gt;
00:06:09.931 [main] DEBUG org.hibernate.loader.plan.build.spi.LoadPlanTreePrinter - LoadPlan(entity=model.Leilao)
    - Returns
       - EntityReturnImpl(entity=model.Leilao, querySpaceUid=&lt;gen:0&gt;, path=model.Leilao)
    - QuerySpaces
       - EntityQuerySpaceImpl(uid=&lt;gen:0&gt;, entity=model.Leilao)
          - SQL table alias mapping - leilao0_
          - alias suffix - 0_
          - suffixed key columns - {id1_2_0_}

00:06:09.931 [main] DEBUG org.hibernate.loader.entity.plan.EntityLoader - Static select for entity model.Leilao [NONE]: select leilao0_.id as id1_2_0_, leilao0_.data as data2_2_0_, leilao0_.nome as nome3_2_0_, leilao0_.status as status4_2_0_, leilao0_.valorMinimo as valormin5_2_0_ from leiloes leilao0_ where leilao0_.id=?
00:06:09.931 [main] DEBUG org.hibernate.persister.entity.AbstractEntityPersister - Static SQL for entity: model.Cliente
00:06:09.932 [main] DEBUG org.hibernate.persister.entity.AbstractEntityPersister -  Version select: select id from Cliente where id =?
00:06:09.932 [main] DEBUG org.hibernate.persister.entity.AbstractEntityPersister -  Snapshot select: select cliente_.id, cliente_.email as email2_0_, cliente_.nome as nome3_0_, cliente_.senha as senha4_0_ from Cliente cliente_ where cliente_.id=?
00:06:09.932 [main] DEBUG org.hibernate.persister.entity.AbstractEntityPersister -  Insert 0: insert into Cliente (email, nome, senha, id) values (?, ?, ?, ?)
00:06:09.932 [main] DEBUG org.hibernate.persister.entity.AbstractEntityPersister -  Update 0: update Cliente set email=?, nome=?, senha=? where id=?
00:06:09.932 [main] DEBUG org.hibernate.persister.entity.AbstractEntityPersister -  Delete 0: delete from Cliente where id=?
00:06:09.932 [main] DEBUG org.hibernate.persister.entity.AbstractEntityPersister -  Identity insert: insert into Cliente (email, nome, senha) values (?, ?, ?)
00:06:09.932 [main] DEBUG org.hibernate.loader.plan.build.internal.spaces.QuerySpacesImpl - Adding QuerySpace : uid = &lt;gen:0&gt; -&gt; org.hibernate.loader.plan.build.internal.spaces.EntityQuerySpaceImpl@3cbf1ba4]
00:06:09.932 [main] DEBUG org.hibernate.persister.walking.spi.MetamodelGraphWalker - Visiting attribute path : email
00:06:09.932 [main] DEBUG org.hibernate.persister.walking.spi.MetamodelGraphWalker - Visiting attribute path : nome
00:06:09.932 [main] DEBUG org.hibernate.persister.walking.spi.MetamodelGraphWalker - Visiting attribute path : senha
00:06:09.932 [main] DEBUG org.hibernate.loader.plan.build.internal.FetchStyleLoadPlanBuildingAssociationVisitationStrategy - Building LoadPlan...
00:06:09.932 [main] DEBUG org.hibernate.loader.plan.exec.internal.LoadQueryJoinAndFetchProcessor - processing queryspace &lt;gen:0&gt;
00:06:09.932 [main] DEBUG org.hibernate.loader.plan.build.spi.LoadPlanTreePrinter - LoadPlan(entity=model.Cliente)
    - Returns
       - EntityReturnImpl(entity=model.Cliente, querySpaceUid=&lt;gen:0&gt;, path=model.Cliente)
    - QuerySpaces
       - EntityQuerySpaceImpl(uid=&lt;gen:0&gt;, entity=model.Cliente)
          - SQL table alias mapping - cliente0_
          - alias suffix - 0_
          - suffixed key columns - {id1_0_0_}

00:06:09.933 [main] DEBUG org.hibernate.loader.entity.plan.EntityLoader - Static select for entity model.Cliente [NONE]: select cliente0_.id as id1_0_0_, cliente0_.email as email2_0_0_, cliente0_.nome as nome3_0_0_, cliente0_.senha as senha4_0_0_ from Cliente cliente0_ where cliente0_.id=?
[...]
00:06:21.060 [main] DEBUG org.apache.http.impl.conn.PoolingHttpClientConnectionManager - Connection [id: 8][route: {s}-&gt;https://chromedriver.storage.googleapis.com:443] can be kept alive indefinitely
00:06:21.060 [main] DEBUG org.apache.http.impl.conn.PoolingHttpClientConnectionManager - Connection released: [id: 8][route: {s}-&gt;https://chromedriver.storage.googleapis.com:443][total kept alive: 1; route allocated: 1 of 2; total allocated: 1 of 20]
00:06:21.060 [main] DEBUG io.github.bonigarcia.wdm.WebDriverManager - Latest version of chromedriver is 93.0.4577.15 (recently resolved)
00:06:21.064 [main] INFO io.github.bonigarcia.wdm.WebDriverManager - Found chromedriver in cache: C:\Users\wilso\.m2\repository\webdriver\chromedriver\win32\93.0.4577.15\chromedriver.exe 
00:06:21.064 [main] DEBUG io.github.bonigarcia.wdm.WebDriverManager - Driver for chromedriver (latest version) found in cache C:\Users\wilso\.m2\repository\webdriver\chromedriver\win32\93.0.4577.15\chromedriver.exe
00:06:21.065 [main] INFO io.github.bonigarcia.wdm.WebDriverManager - Exporting webdriver.chrome.driver as C:\Users\wilso\.m2\repository\webdriver\chromedriver\win32\93.0.4577.15\chromedriver.exe
</system-out>
    <system-err>Starting ChromeDriver 93.0.4577.15 (660fc11082ba57405eca2e8c49c3e1af756fbfae-refs/branch-heads/4577@{#203}) on port 40771
Only local connections are allowed.
Please see https://chromedriver.chromium.org/security-considerations for suggestions on keeping ChromeDriver safe.
ChromeDriver was started successfully.
set. 02, 2021 12:06:21 AM org.openqa.selenium.remote.ProtocolHandshake createSession
INFO: Detected dialect: W3C
</system-err>
  </testcase>
  <testcase classname="interfaceTeste.TestesInterface" name="finalizaLeilao" time="1.116">
    <error message="no such element: Unable to locate element: {&quot;method&quot;:&quot;link text&quot;,&quot;selector&quot;:&quot;Cadastrar leilão&quot;}
  (Session info: chrome=93.0.4577.63)
For documentation on this error, please visit: https://www.seleniumhq.org/exceptions/no_such_element.html
Build info: version: &apos;3.141.59&apos;, revision: &apos;e82be7d358&apos;, time: &apos;2018-11-14T08:17:03&apos;
System info: host: &apos;DESKTOP-STN5MAV&apos;, ip: &apos;192.168.56.1&apos;, os.name: &apos;Windows 10&apos;, os.arch: &apos;amd64&apos;, os.version: &apos;10.0&apos;, java.version: &apos;16.0.1&apos;
Driver info: org.openqa.selenium.chrome.ChromeDriver
Capabilities {acceptInsecureCerts: false, browserName: chrome, browserVersion: 93.0.4577.63, chrome: {chromedriverVersion: 93.0.4577.15 (660fc11082ba5..., userDataDir: C:\Users\wilso\AppData\Loca...}, goog:chromeOptions: {debuggerAddress: localhost:64249}, javascriptEnabled: true, networkConnectionEnabled: false, pageLoadStrategy: normal, platform: WINDOWS, platformName: WINDOWS, proxy: Proxy(), setWindowRect: true, strictFileInteractability: false, timeouts: {implicit: 0, pageLoad: 300000, script: 30000}, unhandledPromptBehavior: dismiss and notify, webauthn:extension:credBlob: true, webauthn:extension:largeBlob: true, webauthn:virtualAuthenticators: true}
Session ID: d27caf6dbe6e12da29221098662ffec4
*** Element info: {Using=link text, value=Cadastrar leilão}" type="org.openqa.selenium.NoSuchElementException">org.openqa.selenium.NoSuchElementException: no such element: Unable to locate element: {&quot;method&quot;:&quot;link text&quot;,&quot;selector&quot;:&quot;Cadastrar leilão&quot;}
  (Session info: chrome=93.0.4577.63)
For documentation on this error, please visit: https://www.seleniumhq.org/exceptions/no_such_element.html
Build info: version: &apos;3.141.59&apos;, revision: &apos;e82be7d358&apos;, time: &apos;2018-11-14T08:17:03&apos;
System info: host: &apos;DESKTOP-STN5MAV&apos;, ip: &apos;192.168.56.1&apos;, os.name: &apos;Windows 10&apos;, os.arch: &apos;amd64&apos;, os.version: &apos;10.0&apos;, java.version: &apos;16.0.1&apos;
Driver info: org.openqa.selenium.chrome.ChromeDriver
Capabilities {acceptInsecureCerts: false, browserName: chrome, browserVersion: 93.0.4577.63, chrome: {chromedriverVersion: 93.0.4577.15 (660fc11082ba5..., userDataDir: C:\Users\wilso\AppData\Loca...}, goog:chromeOptions: {debuggerAddress: localhost:64249}, javascriptEnabled: true, networkConnectionEnabled: false, pageLoadStrategy: normal, platform: WINDOWS, platformName: WINDOWS, proxy: Proxy(), setWindowRect: true, strictFileInteractability: false, timeouts: {implicit: 0, pageLoad: 300000, script: 30000}, unhandledPromptBehavior: dismiss and notify, webauthn:extension:credBlob: true, webauthn:extension:largeBlob: true, webauthn:virtualAuthenticators: true}
Session ID: d27caf6dbe6e12da29221098662ffec4
*** Element info: {Using=link text, value=Cadastrar leilão}
	at java.base/jdk.internal.reflect.NativeConstructorAccessorImpl.newInstance0(Native Method)
	at java.base/jdk.internal.reflect.NativeConstructorAccessorImpl.newInstance(NativeConstructorAccessorImpl.java:78)
	at java.base/jdk.internal.reflect.DelegatingConstructorAccessorImpl.newInstance(DelegatingConstructorAccessorImpl.java:45)
	at java.base/java.lang.reflect.Constructor.newInstanceWithCaller(Constructor.java:499)
	at java.base/java.lang.reflect.Constructor.newInstance(Constructor.java:480)
	at org.openqa.selenium.remote.http.W3CHttpResponseCodec.createException(W3CHttpResponseCodec.java:187)
	at org.openqa.selenium.remote.http.W3CHttpResponseCodec.decode(W3CHttpResponseCodec.java:122)
	at org.openqa.selenium.remote.http.W3CHttpResponseCodec.decode(W3CHttpResponseCodec.java:49)
	at org.openqa.selenium.remote.HttpCommandExecutor.execute(HttpCommandExecutor.java:158)
	at org.openqa.selenium.remote.service.DriverCommandExecutor.execute(DriverCommandExecutor.java:83)
	at org.openqa.selenium.remote.RemoteWebDriver.execute(RemoteWebDriver.java:552)
	at org.openqa.selenium.remote.RemoteWebDriver.findElement(RemoteWebDriver.java:323)
	at org.openqa.selenium.remote.RemoteWebDriver.findElementByLinkText(RemoteWebDriver.java:380)
	at org.openqa.selenium.By$ByLinkText.findElement(By.java:220)
	at org.openqa.selenium.remote.RemoteWebDriver.findElement(RemoteWebDriver.java:315)
	at interfaceTeste.TestesInterface.finalizaLeilao(TestesInterface.java:142)
	at java.base/jdk.internal.reflect.NativeMethodAccessorImpl.invoke0(Native Method)
	at java.base/jdk.internal.reflect.NativeMethodAccessorImpl.invoke(NativeMethodAccessorImpl.java:78)
	at java.base/jdk.internal.reflect.DelegatingMethodAccessorImpl.invoke(DelegatingMethodAccessorImpl.java:43)
	at java.base/java.lang.reflect.Method.invoke(Method.java:567)
	at org.junit.runners.model.FrameworkMethod$1.runReflectiveCall(FrameworkMethod.java:59)
	at org.junit.internal.runners.model.ReflectiveCallable.run(ReflectiveCallable.java:12)
	at org.junit.runners.model.FrameworkMethod.invokeExplosively(FrameworkMethod.java:56)
	at org.junit.internal.runners.statements.InvokeMethod.evaluate(InvokeMethod.java:17)
	at org.junit.internal.runners.statements.RunBefores.evaluate(RunBefores.java:26)
	at org.junit.internal.runners.statements.RunAfters.evaluate(RunAfters.java:27)
	at org.junit.runners.ParentRunner$3.evaluate(ParentRunner.java:306)
	at org.junit.runners.BlockJUnit4ClassRunner$1.evaluate(BlockJUnit4ClassRunner.java:100)
	at org.junit.runners.ParentRunner.runLeaf(ParentRunner.java:366)
	at org.junit.runners.BlockJUnit4ClassRunner.runChild(BlockJUnit4ClassRunner.java:103)
	at org.junit.runners.BlockJUnit4ClassRunner.runChild(BlockJUnit4ClassRunner.java:63)
	at org.junit.runners.ParentRunner$4.run(ParentRunner.java:331)
	at org.junit.runners.ParentRunner$1.schedule(ParentRunner.java:79)
	at org.junit.runners.ParentRunner.runChildren(ParentRunner.java:329)
	at org.junit.runners.ParentRunner.access$100(ParentRunner.java:66)
	at org.junit.runners.ParentRunner$2.evaluate(ParentRunner.java:293)
	at org.junit.runners.ParentRunner$3.evaluate(ParentRunner.java:306)
	at org.junit.runners.ParentRunner.run(ParentRunner.java:413)
	at org.apache.maven.surefire.junit4.JUnit4Provider.execute(JUnit4Provider.java:252)
	at org.apache.maven.surefire.junit4.JUnit4Provider.executeTestSet(JUnit4Provider.java:141)
	at org.apache.maven.surefire.junit4.JUnit4Provider.invoke(JUnit4Provider.java:112)
	at java.base/jdk.internal.reflect.NativeMethodAccessorImpl.invoke0(Native Method)
	at java.base/jdk.internal.reflect.NativeMethodAccessorImpl.invoke(NativeMethodAccessorImpl.java:78)
	at java.base/jdk.internal.reflect.DelegatingMethodAccessorImpl.invoke(DelegatingMethodAccessorImpl.java:43)
	at java.base/java.lang.reflect.Method.invoke(Method.java:567)
	at org.apache.maven.surefire.util.ReflectionUtils.invokeMethodWithArray(ReflectionUtils.java:189)
	at org.apache.maven.surefire.booter.ProviderFactory$ProviderProxy.invoke(ProviderFactory.java:165)
	at org.apache.maven.surefire.booter.ProviderFactory.invokeProvider(ProviderFactory.java:85)
	at org.apache.maven.surefire.booter.ForkedBooter.runSuitesInProcess(ForkedBooter.java:115)
	at org.apache.maven.surefire.booter.ForkedBooter.main(ForkedBooter.java:75)
</error>
    <system-out>00:06:21.966 [main] DEBUG org.apache.http.client.protocol.RequestAddCookies - CookieSpec selected: default
00:06:21.966 [main] DEBUG org.apache.http.client.protocol.RequestAuthCache - Auth cache not set in the context
00:06:21.966 [main] DEBUG org.apache.http.impl.conn.PoolingHttpClientConnectionManager - Connection request: [route: {s}-&gt;https://chromedriver.storage.googleapis.com:443][total kept alive: 0; route allocated: 0 of 2; total allocated: 0 of 20]
00:06:21.966 [main] DEBUG org.apache.http.impl.conn.PoolingHttpClientConnectionManager - Connection leased: [id: 9][route: {s}-&gt;https://chromedriver.storage.googleapis.com:443][total kept alive: 0; route allocated: 1 of 2; total allocated: 1 of 20]
00:06:21.966 [main] DEBUG org.apache.http.impl.execchain.MainClientExec - Opening connection {s}-&gt;https://chromedriver.storage.googleapis.com:443
00:06:21.966 [main] DEBUG org.apache.http.impl.conn.DefaultHttpClientConnectionOperator - Connecting to chromedriver.storage.googleapis.com/172.217.30.176:443
00:06:21.966 [main] DEBUG org.apache.http.conn.ssl.SSLConnectionSocketFactory - Connecting socket to chromedriver.storage.googleapis.com/172.217.30.176:443 with timeout 0
00:06:21.988 [main] DEBUG org.apache.http.conn.ssl.SSLConnectionSocketFactory - Enabled protocols: [TLSv1.3, TLSv1.2]
00:06:21.988 [main] DEBUG org.apache.http.conn.ssl.SSLConnectionSocketFactory - Enabled cipher suites:[TLS_AES_256_GCM_SHA384, TLS_AES_128_GCM_SHA256, TLS_CHACHA20_POLY1305_SHA256, TLS_ECDHE_ECDSA_WITH_AES_256_GCM_SHA384, TLS_ECDHE_ECDSA_WITH_AES_128_GCM_SHA256, TLS_ECDHE_ECDSA_WITH_CHACHA20_POLY1305_SHA256, TLS_ECDHE_RSA_WITH_AES_256_GCM_SHA384, TLS_ECDHE_RSA_WITH_CHACHA20_POLY1305_SHA256, TLS_ECDHE_RSA_WITH_AES_128_GCM_SHA256, TLS_DHE_RSA_WITH_AES_256_GCM_SHA384, TLS_DHE_RSA_WITH_CHACHA20_POLY1305_SHA256, TLS_DHE_DSS_WITH_AES_256_GCM_SHA384, TLS_DHE_RSA_WITH_AES_128_GCM_SHA256, TLS_DHE_DSS_WITH_AES_128_GCM_SHA256, TLS_ECDHE_ECDSA_WITH_AES_256_CBC_SHA384, TLS_ECDHE_RSA_WITH_AES_256_CBC_SHA384, TLS_ECDHE_ECDSA_WITH_AES_128_CBC_SHA256, TLS_ECDHE_RSA_WITH_AES_128_CBC_SHA256, TLS_DHE_RSA_WITH_AES_256_CBC_SHA256, TLS_DHE_DSS_WITH_AES_256_CBC_SHA256, TLS_DHE_RSA_WITH_AES_128_CBC_SHA256, TLS_DHE_DSS_WITH_AES_128_CBC_SHA256, TLS_ECDH_ECDSA_WITH_AES_256_GCM_SHA384, TLS_ECDH_RSA_WITH_AES_256_GCM_SHA384, TLS_ECDH_ECDSA_WITH_AES_128_GCM_SHA256, TLS_ECDH_RSA_WITH_AES_128_GCM_SHA256, TLS_ECDH_ECDSA_WITH_AES_256_CBC_SHA384, TLS_ECDH_RSA_WITH_AES_256_CBC_SHA384, TLS_ECDH_ECDSA_WITH_AES_128_CBC_SHA256, TLS_ECDH_RSA_WITH_AES_128_CBC_SHA256, TLS_ECDHE_ECDSA_WITH_AES_256_CBC_SHA, TLS_ECDHE_RSA_WITH_AES_256_CBC_SHA, TLS_ECDHE_ECDSA_WITH_AES_128_CBC_SHA, TLS_ECDHE_RSA_WITH_AES_128_CBC_SHA, TLS_DHE_RSA_WITH_AES_256_CBC_SHA, TLS_DHE_DSS_WITH_AES_256_CBC_SHA, TLS_DHE_RSA_WITH_AES_128_CBC_SHA, TLS_DHE_DSS_WITH_AES_128_CBC_SHA, TLS_ECDH_ECDSA_WITH_AES_256_CBC_SHA, TLS_ECDH_RSA_WITH_AES_256_CBC_SHA, TLS_ECDH_ECDSA_WITH_AES_128_CBC_SHA, TLS_ECDH_RSA_WITH_AES_128_CBC_SHA, TLS_RSA_WITH_AES_256_GCM_SHA384, TLS_RSA_WITH_AES_128_GCM_SHA256, TLS_RSA_WITH_AES_256_CBC_SHA256, TLS_RSA_WITH_AES_128_CBC_SHA256, TLS_RSA_WITH_AES_256_CBC_SHA, TLS_RSA_WITH_AES_128_CBC_SHA, TLS_EMPTY_RENEGOTIATION_INFO_SCSV]
00:06:21.988 [main] DEBUG org.apache.http.conn.ssl.SSLConnectionSocketFactory - Starting handshake
00:06:22.062 [main] DEBUG org.apache.http.conn.ssl.SSLConnectionSocketFactory - Secure session established
00:06:22.062 [main] DEBUG org.apache.http.conn.ssl.SSLConnectionSocketFactory -  negotiated protocol: TLSv1.3
00:06:22.062 [main] DEBUG org.apache.http.conn.ssl.SSLConnectionSocketFactory -  negotiated cipher suite: TLS_AES_256_GCM_SHA384
00:06:22.062 [main] DEBUG org.apache.http.conn.ssl.SSLConnectionSocketFactory -  peer principal: CN=*.storage.googleapis.com, O=Google LLC, L=Mountain View, ST=California, C=US
00:06:22.062 [main] DEBUG org.apache.http.conn.ssl.SSLConnectionSocketFactory -  peer alternative names: [*.storage.googleapis.com, *.googleapis.com, commondatastorage.googleapis.com, *.commondatastorage.googleapis.com, storage.googleapis.com, storage.mtls.googleapis.com, *.appspot.com.storage.googleapis.com, *.content-storage.googleapis.com, *.content-storage-p2.googleapis.com, *.content-storage-upload.googleapis.com, *.content-storage-download.googleapis.com, *.storage-upload.googleapis.com, *.storage-download.googleapis.com]
00:06:22.062 [main] DEBUG org.apache.http.conn.ssl.SSLConnectionSocketFactory -  issuer principal: CN=GTS CA 1O1, O=Google Trust Services, C=US
00:06:22.062 [main] DEBUG org.apache.http.impl.conn.DefaultHttpClientConnectionOperator - Connection established 192.168.0.116:53387&lt;-&gt;172.217.30.176:443
00:06:22.062 [main] DEBUG org.apache.http.impl.execchain.MainClientExec - Executing request OPTIONS / HTTP/1.1
00:06:22.062 [main] DEBUG org.apache.http.impl.execchain.MainClientExec - Target auth state: UNCHALLENGED
00:06:22.062 [main] DEBUG org.apache.http.impl.execchain.MainClientExec - Proxy auth state: UNCHALLENGED
00:06:22.062 [main] DEBUG org.apache.http.headers - http-outgoing-9 &gt;&gt; OPTIONS / HTTP/1.1
00:06:22.062 [main] DEBUG org.apache.http.headers - http-outgoing-9 &gt;&gt; Host: chromedriver.storage.googleapis.com
00:06:22.062 [main] DEBUG org.apache.http.headers - http-outgoing-9 &gt;&gt; Connection: Keep-Alive
00:06:22.062 [main] DEBUG org.apache.http.headers - http-outgoing-9 &gt;&gt; User-Agent: Apache-HttpClient/4.5.3 (Java/16.0.1)
00:06:22.062 [main] DEBUG org.apache.http.headers - http-outgoing-9 &gt;&gt; Accept-Encoding: gzip,deflate
00:06:22.062 [main] DEBUG org.apache.http.wire - http-outgoing-9 &gt;&gt; &quot;OPTIONS / HTTP/1.1[\r][\n]&quot;
00:06:22.062 [main] DEBUG org.apache.http.wire - http-outgoing-9 &gt;&gt; &quot;Host: chromedriver.storage.googleapis.com[\r][\n]&quot;
00:06:22.062 [main] DEBUG org.apache.http.wire - http-outgoing-9 &gt;&gt; &quot;Connection: Keep-Alive[\r][\n]&quot;
00:06:22.062 [main] DEBUG org.apache.http.wire - http-outgoing-9 &gt;&gt; &quot;User-Agent: Apache-HttpClient/4.5.3 (Java/16.0.1)[\r][\n]&quot;
00:06:22.062 [main] DEBUG org.apache.http.wire - http-outgoing-9 &gt;&gt; &quot;Accept-Encoding: gzip,deflate[\r][\n]&quot;
00:06:22.062 [main] DEBUG org.apache.http.wire - http-outgoing-9 &gt;&gt; &quot;[\r][\n]&quot;
00:06:22.202 [main] DEBUG org.apache.http.wire - http-outgoing-9 &lt;&lt; &quot;HTTP/1.1 200 OK[\r][\n]&quot;
00:06:22.202 [main] DEBUG org.apache.http.wire - http-outgoing-9 &lt;&lt; &quot;X-GUploader-UploadID: ADPycdspj2nuefKE-CEAh4faB9zKBBC4B1P32cu9w3pF5sZxS3SxG9UHg8MBxCLHN8vHBKlMmfxaDk7InZK4J0PLRAskM3ugWw[\r][\n]&quot;
00:06:22.202 [main] DEBUG org.apache.http.wire - http-outgoing-9 &lt;&lt; &quot;Date: Thu, 02 Sep 2021 03:06:08 GMT[\r][\n]&quot;
00:06:22.202 [main] DEBUG org.apache.http.wire - http-outgoing-9 &lt;&lt; &quot;Expires: Thu, 02 Sep 2021 03:06:08 GMT[\r][\n]&quot;
00:06:22.202 [main] DEBUG org.apache.http.wire - http-outgoing-9 &lt;&lt; &quot;Cache-Control: private, max-age=0[\r][\n]&quot;
00:06:22.202 [main] DEBUG org.apache.http.wire - http-outgoing-9 &lt;&lt; &quot;Content-Length: 0[\r][\n]&quot;
00:06:22.202 [main] DEBUG org.apache.http.wire - http-outgoing-9 &lt;&lt; &quot;Server: UploadServer[\r][\n]&quot;
00:06:22.202 [main] DEBUG org.apache.http.wire - http-outgoing-9 &lt;&lt; &quot;Content-Type: text/html; charset=UTF-8[\r][\n]&quot;
00:06:22.202 [main] DEBUG org.apache.http.wire - http-outgoing-9 &lt;&lt; &quot;Alt-Svc: h3=&quot;:443&quot;; ma=2592000,h3-29=&quot;:443&quot;; ma=2592000,h3-T051=&quot;:443&quot;; ma=2592000,h3-Q050=&quot;:443&quot;; ma=2592000,h3-Q046=&quot;:443&quot;; ma=2592000,h3-Q043=&quot;:443&quot;; ma=2592000,quic=&quot;:443&quot;; ma=2592000; v=&quot;46,43&quot;[\r][\n]&quot;
00:06:22.202 [main] DEBUG org.apache.http.wire - http-outgoing-9 &lt;&lt; &quot;[\r][\n]&quot;
00:06:22.202 [main] DEBUG org.apache.http.headers - http-outgoing-9 &lt;&lt; HTTP/1.1 200 OK
00:06:22.202 [main] DEBUG org.apache.http.headers - http-outgoing-9 &lt;&lt; X-GUploader-UploadID: ADPycdspj2nuefKE-CEAh4faB9zKBBC4B1P32cu9w3pF5sZxS3SxG9UHg8MBxCLHN8vHBKlMmfxaDk7InZK4J0PLRAskM3ugWw
00:06:22.202 [main] DEBUG org.apache.http.headers - http-outgoing-9 &lt;&lt; Date: Thu, 02 Sep 2021 03:06:08 GMT
00:06:22.202 [main] DEBUG org.apache.http.headers - http-outgoing-9 &lt;&lt; Expires: Thu, 02 Sep 2021 03:06:08 GMT
00:06:22.202 [main] DEBUG org.apache.http.headers - http-outgoing-9 &lt;&lt; Cache-Control: private, max-age=0
00:06:22.202 [main] DEBUG org.apache.http.headers - http-outgoing-9 &lt;&lt; Content-Length: 0
00:06:22.202 [main] DEBUG org.apache.http.headers - http-outgoing-9 &lt;&lt; Server: UploadServer
00:06:22.202 [main] DEBUG org.apache.http.headers - http-outgoing-9 &lt;&lt; Content-Type: text/html; charset=UTF-8
00:06:22.202 [main] DEBUG org.apache.http.headers - http-outgoing-9 &lt;&lt; Alt-Svc: h3=&quot;:443&quot;; ma=2592000,h3-29=&quot;:443&quot;; ma=2592000,h3-T051=&quot;:443&quot;; ma=2592000,h3-Q050=&quot;:443&quot;; ma=2592000,h3-Q046=&quot;:443&quot;; ma=2592000,h3-Q043=&quot;:443&quot;; ma=2592000,quic=&quot;:443&quot;; ma=2592000; v=&quot;46,43&quot;
00:06:22.202 [main] DEBUG org.apache.http.impl.execchain.MainClientExec - Connection can be kept alive indefinitely
00:06:22.202 [main] DEBUG org.apache.http.impl.conn.PoolingHttpClientConnectionManager - Connection [id: 9][route: {s}-&gt;https://chromedriver.storage.googleapis.com:443] can be kept alive indefinitely
00:06:22.202 [main] DEBUG org.apache.http.impl.conn.PoolingHttpClientConnectionManager - Connection released: [id: 9][route: {s}-&gt;https://chromedriver.storage.googleapis.com:443][total kept alive: 1; route allocated: 1 of 2; total allocated: 1 of 20]
00:06:22.202 [main] DEBUG io.github.bonigarcia.wdm.WebDriverManager - Latest version of chromedriver is 93.0.4577.15 (recently resolved)
00:06:22.203 [main] INFO io.github.bonigarcia.wdm.WebDriverManager - Found chromedriver in cache: C:\Users\wilso\.m2\repository\webdriver\chromedriver\win32\93.0.4577.15\chromedriver.exe 
00:06:22.203 [main] DEBUG io.github.bonigarcia.wdm.WebDriverManager - Driver for chromedriver (latest version) found in cache C:\Users\wilso\.m2\repository\webdriver\chromedriver\win32\93.0.4577.15\chromedriver.exe
00:06:22.203 [main] INFO io.github.bonigarcia.wdm.WebDriverManager - Exporting webdriver.chrome.driver as C:\Users\wilso\.m2\repository\webdriver\chromedriver\win32\93.0.4577.15\chromedriver.exe
</system-out>
    <system-err>Starting ChromeDriver 93.0.4577.15 (660fc11082ba57405eca2e8c49c3e1af756fbfae-refs/branch-heads/4577@{#203}) on port 27811
Only local connections are allowed.
Please see https://chromedriver.chromium.org/security-considerations for suggestions on keeping ChromeDriver safe.
ChromeDriver was started successfully.
set. 02, 2021 12:06:22 AM org.openqa.selenium.remote.ProtocolHandshake createSession
INFO: Detected dialect: W3C
</system-err>
  </testcase>
</testsuite>